[0.017s] Invoking command in '/home/chakrapani/drone_files/drone_precise_delivery/ros2_ws/build/image_geometry': CMAKE_PREFIX_PATH=${CMAKE_PREFIX_PATH}:/home/chakrapani/drone_files/drone_precise_delivery/ros2_ws/install/drone_control:/opt/ros/humble /usr/bin/cmake --build /home/chakrapani/drone_files/drone_precise_delivery/ros2_ws/build/image_geometry -- -j2 -l2
[0.108s] [35m[1mConsolidate compiler generated dependencies of target image_geometry[0m
[0.149s] [ 27%] Built target image_geometry
[0.149s] [ 27%] Built target ament_cmake_python_copy_image_geometry
[0.176s] [35m[1mConsolidate compiler generated dependencies of target gtest_main[0m
[0.178s] [35m[1mConsolidate compiler generated dependencies of target gtest[0m
[0.208s] [ 45%] Built target gtest_main
[0.214s] [ 63%] Built target gtest
[0.248s] [35m[1mConsolidate compiler generated dependencies of target image_geometry-utest[0m
[0.282s] [ 81%] Built target image_geometry-utest
[0.309s] [35m[1mConsolidate compiler generated dependencies of target image_geometry-utest-equi[0m
[0.338s] [100%] Built target image_geometry-utest-equi
[0.612s] running egg_info
[0.613s] writing image_geometry.egg-info/PKG-INFO
[0.614s] writing dependency_links to image_geometry.egg-info/dependency_links.txt
[0.614s] writing top-level names to image_geometry.egg-info/top_level.txt
[0.618s] reading manifest file 'image_geometry.egg-info/SOURCES.txt'
[0.621s] writing manifest file 'image_geometry.egg-info/SOURCES.txt'
[0.669s] [100%] Built target ament_cmake_python_build_image_geometry_egg
[0.685s] Invoked command in '/home/chakrapani/drone_files/drone_precise_delivery/ros2_ws/build/image_geometry' returned '0': CMAKE_PREFIX_PATH=${CMAKE_PREFIX_PATH}:/home/chakrapani/drone_files/drone_precise_delivery/ros2_ws/install/drone_control:/opt/ros/humble /usr/bin/cmake --build /home/chakrapani/drone_files/drone_precise_delivery/ros2_ws/build/image_geometry -- -j2 -l2
[0.685s] Invoking command in '/home/chakrapani/drone_files/drone_precise_delivery/ros2_ws/build/image_geometry': CMAKE_PREFIX_PATH=${CMAKE_PREFIX_PATH}:/home/chakrapani/drone_files/drone_precise_delivery/ros2_ws/install/drone_control:/opt/ros/humble /usr/bin/cmake --install /home/chakrapani/drone_files/drone_precise_delivery/ros2_ws/build/image_geometry
[0.694s] -- Install configuration: ""
[0.695s] -- Up-to-date: /home/chakrapani/drone_files/drone_precise_delivery/ros2_ws/install/image_geometry/share/image_geometry/environment/pythonpath.sh
[0.695s] -- Up-to-date: /home/chakrapani/drone_files/drone_precise_delivery/ros2_ws/install/image_geometry/share/image_geometry/environment/pythonpath.dsv
[0.695s] -- Up-to-date: /home/chakrapani/drone_files/drone_precise_delivery/ros2_ws/install/image_geometry/local/lib/python3.10/dist-packages/image_geometry-4.1.0-py3.10.egg-info
[0.696s] -- Installing: /home/chakrapani/drone_files/drone_precise_delivery/ros2_ws/install/image_geometry/local/lib/python3.10/dist-packages/image_geometry-4.1.0-py3.10.egg-info/top_level.txt
[0.696s] -- Installing: /home/chakrapani/drone_files/drone_precise_delivery/ros2_ws/install/image_geometry/local/lib/python3.10/dist-packages/image_geometry-4.1.0-py3.10.egg-info/dependency_links.txt
[0.696s] -- Installing: /home/chakrapani/drone_files/drone_precise_delivery/ros2_ws/install/image_geometry/local/lib/python3.10/dist-packages/image_geometry-4.1.0-py3.10.egg-info/PKG-INFO
[0.697s] -- Installing: /home/chakrapani/drone_files/drone_precise_delivery/ros2_ws/install/image_geometry/local/lib/python3.10/dist-packages/image_geometry-4.1.0-py3.10.egg-info/SOURCES.txt
[0.697s] -- Up-to-date: /home/chakrapani/drone_files/drone_precise_delivery/ros2_ws/install/image_geometry/local/lib/python3.10/dist-packages/image_geometry
[0.698s] -- Up-to-date: /home/chakrapani/drone_files/drone_precise_delivery/ros2_ws/install/image_geometry/local/lib/python3.10/dist-packages/image_geometry/__init__.py
[0.698s] -- Up-to-date: /home/chakrapani/drone_files/drone_precise_delivery/ros2_ws/install/image_geometry/local/lib/python3.10/dist-packages/image_geometry/cameramodels.py
[0.744s] Listing '/home/chakrapani/drone_files/drone_precise_delivery/ros2_ws/install/image_geometry/local/lib/python3.10/dist-packages/image_geometry'...
[0.752s] -- Up-to-date: /home/chakrapani/drone_files/drone_precise_delivery/ros2_ws/install/image_geometry/include/image_geometry
[0.754s] -- Up-to-date: /home/chakrapani/drone_files/drone_precise_delivery/ros2_ws/install/image_geometry/include/image_geometry/image_geometry
[0.754s] -- Up-to-date: /home/chakrapani/drone_files/drone_precise_delivery/ros2_ws/install/image_geometry/include/image_geometry/image_geometry/visibility_control.hpp
[0.754s] -- Up-to-date: /home/chakrapani/drone_files/drone_precise_delivery/ros2_ws/install/image_geometry/include/image_geometry/image_geometry/pinhole_camera_model.hpp
[0.754s] -- Up-to-date: /home/chakrapani/drone_files/drone_precise_delivery/ros2_ws/install/image_geometry/include/image_geometry/image_geometry/stereo_camera_model.hpp
[0.754s] -- Up-to-date: /home/chakrapani/drone_files/drone_precise_delivery/ros2_ws/install/image_geometry/lib/libimage_geometry.so
[0.754s] -- Up-to-date: /home/chakrapani/drone_files/drone_precise_delivery/ros2_ws/install/image_geometry/share/ament_index/resource_index/package_run_dependencies/image_geometry
[0.754s] -- Up-to-date: /home/chakrapani/drone_files/drone_precise_delivery/ros2_ws/install/image_geometry/share/ament_index/resource_index/parent_prefix_path/image_geometry
[0.754s] -- Up-to-date: /home/chakrapani/drone_files/drone_precise_delivery/ros2_ws/install/image_geometry/share/image_geometry/environment/ament_prefix_path.sh
[0.754s] -- Up-to-date: /home/chakrapani/drone_files/drone_precise_delivery/ros2_ws/install/image_geometry/share/image_geometry/environment/ament_prefix_path.dsv
[0.754s] -- Up-to-date: /home/chakrapani/drone_files/drone_precise_delivery/ros2_ws/install/image_geometry/share/image_geometry/environment/path.sh
[0.754s] -- Up-to-date: /home/chakrapani/drone_files/drone_precise_delivery/ros2_ws/install/image_geometry/share/image_geometry/environment/path.dsv
[0.755s] -- Up-to-date: /home/chakrapani/drone_files/drone_precise_delivery/ros2_ws/install/image_geometry/share/image_geometry/local_setup.bash
[0.755s] -- Up-to-date: /home/chakrapani/drone_files/drone_precise_delivery/ros2_ws/install/image_geometry/share/image_geometry/local_setup.sh
[0.755s] -- Up-to-date: /home/chakrapani/drone_files/drone_precise_delivery/ros2_ws/install/image_geometry/share/image_geometry/local_setup.zsh
[0.755s] -- Up-to-date: /home/chakrapani/drone_files/drone_precise_delivery/ros2_ws/install/image_geometry/share/image_geometry/local_setup.dsv
[0.755s] -- Installing: /home/chakrapani/drone_files/drone_precise_delivery/ros2_ws/install/image_geometry/share/image_geometry/package.dsv
[0.755s] -- Up-to-date: /home/chakrapani/drone_files/drone_precise_delivery/ros2_ws/install/image_geometry/share/ament_index/resource_index/packages/image_geometry
[0.755s] -- Up-to-date: /home/chakrapani/drone_files/drone_precise_delivery/ros2_ws/install/image_geometry/share/image_geometry/cmake/export_image_geometryExport.cmake
[0.755s] -- Up-to-date: /home/chakrapani/drone_files/drone_precise_delivery/ros2_ws/install/image_geometry/share/image_geometry/cmake/export_image_geometryExport-noconfig.cmake
[0.755s] -- Up-to-date: /home/chakrapani/drone_files/drone_precise_delivery/ros2_ws/install/image_geometry/share/image_geometry/cmake/ament_cmake_export_targets-extras.cmake
[0.755s] -- Up-to-date: /home/chakrapani/drone_files/drone_precise_delivery/ros2_ws/install/image_geometry/share/image_geometry/cmake/ament_cmake_export_dependencies-extras.cmake
[0.755s] -- Up-to-date: /home/chakrapani/drone_files/drone_precise_delivery/ros2_ws/install/image_geometry/share/image_geometry/cmake/image_geometryConfig.cmake
[0.755s] -- Up-to-date: /home/chakrapani/drone_files/drone_precise_delivery/ros2_ws/install/image_geometry/share/image_geometry/cmake/image_geometryConfig-version.cmake
[0.755s] -- Up-to-date: /home/chakrapani/drone_files/drone_precise_delivery/ros2_ws/install/image_geometry/share/image_geometry/package.xml
[0.762s] Invoked command in '/home/chakrapani/drone_files/drone_precise_delivery/ros2_ws/build/image_geometry' returned '0': CMAKE_PREFIX_PATH=${CMAKE_PREFIX_PATH}:/home/chakrapani/drone_files/drone_precise_delivery/ros2_ws/install/drone_control:/opt/ros/humble /usr/bin/cmake --install /home/chakrapani/drone_files/drone_precise_delivery/ros2_ws/build/image_geometry
