[0.018s] Invoking command in '/home/chakrapani/drone_files/drone_precise_delivery/ros2_ws/build/aruco_tracker': CMAKE_PREFIX_PATH=${CMAKE_PREFIX_PATH}:/opt/ros/humble /usr/bin/cmake /home/chakrapani/drone_files/drone_precise_delivery/ros2_ws/src/aruco_tracker -DCMAKE_INSTALL_PREFIX=/home/chakrapani/drone_files/drone_precise_delivery/ros2_ws/install/aruco_tracker
[0.044s] -- Found eigen3_cmake_module: 0.1.1 (/opt/ros/humble/share/eigen3_cmake_module/cmake)
[0.044s] -- Found ament_cmake: 1.3.11 (/opt/ros/humble/share/ament_cmake/cmake)
[0.209s] -- Found rclcpp: 16.0.11 (/opt/ros/humble/share/rclcpp/cmake)
[0.248s] -- Found rosidl_generator_c: 3.1.6 (/opt/ros/humble/share/rosidl_generator_c/cmake)
[0.250s] -- Found rosidl_adapter: 3.1.6 (/opt/ros/humble/share/rosidl_adapter/cmake)
[0.258s] -- Found rosidl_generator_cpp: 3.1.6 (/opt/ros/humble/share/rosidl_generator_cpp/cmake)
[0.269s] -- Using all available rosidl_typesupport_c: rosidl_typesupport_fastrtps_c;rosidl_typesupport_introspection_c
[0.284s] -- Using all available rosidl_typesupport_cpp: rosidl_typesupport_fastrtps_cpp;rosidl_typesupport_introspection_cpp
[0.324s] -- Found rmw_implementation_cmake: 6.1.2 (/opt/ros/humble/share/rmw_implementation_cmake/cmake)
[0.329s] -- Found rmw_fastrtps_cpp: 6.2.7 (/opt/ros/humble/share/rmw_fastrtps_cpp/cmake)
[0.456s] -- Using RMW implementation 'rmw_fastrtps_cpp' as default
[0.516s] -- Found px4_msgs: 2.0.1 (/home/chakrapani/px4_ros_ws/install/px4_msgs/share/px4_msgs/cmake)
[0.535s] -- Found sensor_msgs: 4.2.4 (/opt/ros/humble/share/sensor_msgs/cmake)
[0.574s] -- Found cv_bridge: 3.2.1 (/opt/ros/humble/share/cv_bridge/cmake)
[0.586s] -- Configuring incomplete, errors occurred!
[0.586s] See also "/home/chakrapani/drone_files/drone_precise_delivery/ros2_ws/build/aruco_tracker/CMakeFiles/CMakeOutput.log".
[0.586s] [31mCMake Error at CMakeLists.txt:16 (find_package):
[0.586s]   Could not find a configuration file for package "OpenCV" that is compatible
[0.586s]   with requested version "4.10.0".
[0.586s] 
[0.586s]   The following configuration files were considered but not accepted:
[0.586s] 
[0.586s]     /usr/lib/x86_64-linux-gnu/cmake/opencv4/OpenCVConfig.cmake, version: 4.5.4
[0.586s] 
[0.586s] 
[0.586s] [0m
[0.597s] Invoked command in '/home/chakrapani/drone_files/drone_precise_delivery/ros2_ws/build/aruco_tracker' returned '1': CMAKE_PREFIX_PATH=${CMAKE_PREFIX_PATH}:/opt/ros/humble /usr/bin/cmake /home/chakrapani/drone_files/drone_precise_delivery/ros2_ws/src/aruco_tracker -DCMAKE_INSTALL_PREFIX=/home/chakrapani/drone_files/drone_precise_delivery/ros2_ws/install/aruco_tracker
