[0.022s] Invoking command in '/home/chakrapani/drone_files/drone_precise_delivery/ros2_ws/build/aruco_tracker': CMAKE_PREFIX_PATH=/opt/ros/humble /usr/bin/cmake /home/chakrapani/drone_files/drone_precise_delivery/ros2_ws/src/aruco_tracker -DCMAKE_INSTALL_PREFIX=/home/chakrapani/drone_files/drone_precise_delivery/ros2_ws/install/aruco_tracker
[0.359s] -- The C compiler identification is GNU 11.4.0
[0.359s] -- The CXX compiler identification is GNU 11.4.0
[0.359s] -- Detecting C compiler ABI info
[0.359s] -- Detecting C compiler ABI info - done
[0.360s] -- Check for working C compiler: /usr/bin/cc - skipped
[0.360s] -- Detecting C compile features
[0.360s] -- Detecting C compile features - done
[0.360s] -- Detecting CXX compiler ABI info
[0.388s] -- Detecting CXX compiler ABI info - done
[0.398s] -- Check for working CXX compiler: /usr/bin/c++ - skipped
[0.399s] -- Detecting CXX compile features
[0.400s] -- Detecting CXX compile features - done
[0.402s] -- Found eigen3_cmake_module: 0.1.1 (/opt/ros/humble/share/eigen3_cmake_module/cmake)
[0.410s] -- Found Eigen3: TRUE (found version "3.4.0") 
[0.413s] -- Found ament_cmake: 1.3.11 (/opt/ros/humble/share/ament_cmake/cmake)
[0.594s] -- Found Python3: /usr/bin/python3 (found version "3.10.12") found components: Interpreter 
[0.704s] -- Found rclcpp: 16.0.11 (/opt/ros/humble/share/rclcpp/cmake)
[0.748s] -- Found rosidl_generator_c: 3.1.6 (/opt/ros/humble/share/rosidl_generator_c/cmake)
[0.753s] -- Found rosidl_adapter: 3.1.6 (/opt/ros/humble/share/rosidl_adapter/cmake)
[0.762s] -- Found rosidl_generator_cpp: 3.1.6 (/opt/ros/humble/share/rosidl_generator_cpp/cmake)
[0.775s] -- Using all available rosidl_typesupport_c: rosidl_typesupport_fastrtps_c;rosidl_typesupport_introspection_c
[0.793s] -- Using all available rosidl_typesupport_cpp: rosidl_typesupport_fastrtps_cpp;rosidl_typesupport_introspection_cpp
[0.840s] -- Found rmw_implementation_cmake: 6.1.2 (/opt/ros/humble/share/rmw_implementation_cmake/cmake)
[0.843s] -- Found rmw_fastrtps_cpp: 6.2.7 (/opt/ros/humble/share/rmw_fastrtps_cpp/cmake)
[0.942s] -- Found OpenSSL: /usr/lib/x86_64-linux-gnu/libcrypto.so (found version "3.0.2")  
[0.976s] -- Found FastRTPS: /opt/ros/humble/include  
[1.025s] -- Using RMW implementation 'rmw_fastrtps_cpp' as default
[1.034s] -- Looking for pthread.h
[1.117s] -- Looking for pthread.h - found
[1.119s] -- Performing Test CMAKE_HAVE_LIBC_PTHREAD
[1.197s] -- Performing Test CMAKE_HAVE_LIBC_PTHREAD - Success
[1.198s] -- Found Threads: TRUE  
[1.269s] [31mCMake Error at CMakeLists.txt:11 (find_package):
[1.270s]   By not providing "Findpx4_msgs.cmake" in CMAKE_MODULE_PATH this project has
[1.270s]   asked CMake to find a package configuration file provided by "px4_msgs",
[1.270s]   but CMake did not find one.
[1.270s] 
[1.270s]   Could not find a package configuration file provided by "px4_msgs" with any
[1.270s]   of the following names:
[1.270s] 
[1.270s]     px4_msgsConfig.cmake
[1.270s]     px4_msgs-config.cmake
[1.270s] 
[1.270s]   Add the installation prefix of "px4_msgs" to CMAKE_PREFIX_PATH or set
[1.270s]   "px4_msgs_DIR" to a directory containing one of the above files.  If
[1.271s]   "px4_msgs" provides a separate development package or SDK, be sure it has
[1.271s]   been installed.
[1.271s] 
[1.272s] [0m
[1.272s] -- Configuring incomplete, errors occurred!
[1.272s] See also "/home/chakrapani/drone_files/drone_precise_delivery/ros2_ws/build/aruco_tracker/CMakeFiles/CMakeOutput.log".
[1.288s] Invoked command in '/home/chakrapani/drone_files/drone_precise_delivery/ros2_ws/build/aruco_tracker' returned '1': CMAKE_PREFIX_PATH=/opt/ros/humble /usr/bin/cmake /home/chakrapani/drone_files/drone_precise_delivery/ros2_ws/src/aruco_tracker -DCMAKE_INSTALL_PREFIX=/home/chakrapani/drone_files/drone_precise_delivery/ros2_ws/install/aruco_tracker
