[2.180s] Invoking command in '/home/chakrapani/drone_files/drone_precise_delivery/ros2_ws/src/drone_control': PS1=\[\e]0;\u@\h: \w\a\]${debian_chroot:+($debian_chroot)}\[\033[01;32m\]\u@\h\[\033[00m\]:\[\033[01;34m\]\w\[\033[00m\]\$ PYTHONPATH=/home/chakrapani/drone_files/drone_precise_delivery/ros2_ws/build/drone_control/prefix_override:/usr/lib/python3/dist-packages/colcon_core/task/python/colcon_distutils_commands:/home/chakrapani/drone_files/drone_precise_delivery/ros2_ws/install/drone_control/lib/python3.10/site-packages:${PYTHONPATH} /usr/bin/python3 -W ignore:setup.py install is deprecated -W ignore:easy_install command is deprecated setup.py egg_info --egg-base ../../build/drone_control build --build-base /home/chakrapani/drone_files/drone_precise_delivery/ros2_ws/build/drone_control/build install --record /home/chakrapani/drone_files/drone_precise_delivery/ros2_ws/build/drone_control/install.log --single-version-externally-managed install_data
[2.503s] running egg_info
[2.505s] writing ../../build/drone_control/drone_control.egg-info/PKG-INFO
[2.505s] writing dependency_links to ../../build/drone_control/drone_control.egg-info/dependency_links.txt
[2.505s] writing entry points to ../../build/drone_control/drone_control.egg-info/entry_points.txt
[2.506s] writing requirements to ../../build/drone_control/drone_control.egg-info/requires.txt
[2.506s] writing top-level names to ../../build/drone_control/drone_control.egg-info/top_level.txt
[2.507s] reading manifest file '../../build/drone_control/drone_control.egg-info/SOURCES.txt'
[2.508s] writing manifest file '../../build/drone_control/drone_control.egg-info/SOURCES.txt'
[2.509s] running build
[2.510s] running build_py
[2.510s] running install
[2.510s] running install_lib
[2.511s] running install_data
[2.511s] running install_egg_info
[2.517s] removing '/home/chakrapani/drone_files/drone_precise_delivery/ros2_ws/install/drone_control/lib/python3.10/site-packages/drone_control-0.0.0-py3.10.egg-info' (and everything under it)
[2.518s] Copying ../../build/drone_control/drone_control.egg-info to /home/chakrapani/drone_files/drone_precise_delivery/ros2_ws/install/drone_control/lib/python3.10/site-packages/drone_control-0.0.0-py3.10.egg-info
[2.518s] running install_scripts
[2.541s] Installing drone_controller_node script to /home/chakrapani/drone_files/drone_precise_delivery/ros2_ws/install/drone_control/lib/drone_control
[2.542s] Installing geotag_manager_node script to /home/chakrapani/drone_files/drone_precise_delivery/ros2_ws/install/drone_control/lib/drone_control
[2.543s] Installing offboard_controller_node script to /home/chakrapani/drone_files/drone_precise_delivery/ros2_ws/install/drone_control/lib/drone_control
[2.544s] writing list of installed files to '/home/chakrapani/drone_files/drone_precise_delivery/ros2_ws/build/drone_control/install.log'
[2.582s] Invoked command in '/home/chakrapani/drone_files/drone_precise_delivery/ros2_ws/src/drone_control' returned '0': PS1=\[\e]0;\u@\h: \w\a\]${debian_chroot:+($debian_chroot)}\[\033[01;32m\]\u@\h\[\033[00m\]:\[\033[01;34m\]\w\[\033[00m\]\$ PYTHONPATH=/home/chakrapani/drone_files/drone_precise_delivery/ros2_ws/build/drone_control/prefix_override:/usr/lib/python3/dist-packages/colcon_core/task/python/colcon_distutils_commands:/home/chakrapani/drone_files/drone_precise_delivery/ros2_ws/install/drone_control/lib/python3.10/site-packages:${PYTHONPATH} /usr/bin/python3 -W ignore:setup.py install is deprecated -W ignore:easy_install command is deprecated setup.py egg_info --egg-base ../../build/drone_control build --build-base /home/chakrapani/drone_files/drone_precise_delivery/ros2_ws/build/drone_control/build install --record /home/chakrapani/drone_files/drone_precise_delivery/ros2_ws/build/drone_control/install.log --single-version-externally-managed install_data
