[0.979s] Invoking command in '/home/chakrapani/drone_files/drone_precise_delivery/ros2_ws/src/drone_control': PYTHONPATH=/home/chakrapani/drone_files/drone_precise_delivery/ros2_ws/build/drone_control/prefix_override:/usr/lib/python3/dist-packages/colcon_core/task/python/colcon_distutils_commands:/home/chakrapani/drone_files/drone_precise_delivery/ros2_ws/install/drone_control/lib/python3.10/site-packages:${PYTHONPATH} /usr/bin/python3 -W ignore:setup.py install is deprecated -W ignore:easy_install command is deprecated setup.py egg_info --egg-base ../../build/drone_control build --build-base /home/chakrapani/drone_files/drone_precise_delivery/ros2_ws/build/drone_control/build install --record /home/chakrapani/drone_files/drone_precise_delivery/ros2_ws/build/drone_control/install.log --single-version-externally-managed install_data
[1.320s] running egg_info
[1.320s] creating ../../build/drone_control/drone_control.egg-info
[1.321s] writing ../../build/drone_control/drone_control.egg-info/PKG-INFO
[1.321s] writing dependency_links to ../../build/drone_control/drone_control.egg-info/dependency_links.txt
[1.321s] writing entry points to ../../build/drone_control/drone_control.egg-info/entry_points.txt
[1.321s] writing requirements to ../../build/drone_control/drone_control.egg-info/requires.txt
[1.321s] writing top-level names to ../../build/drone_control/drone_control.egg-info/top_level.txt
[1.321s] writing manifest file '../../build/drone_control/drone_control.egg-info/SOURCES.txt'
[1.323s] reading manifest file '../../build/drone_control/drone_control.egg-info/SOURCES.txt'
[1.325s] writing manifest file '../../build/drone_control/drone_control.egg-info/SOURCES.txt'
[1.325s] running build
[1.325s] running build_py
[1.325s] creating /home/chakrapani/drone_files/drone_precise_delivery/ros2_ws/build/drone_control/build
[1.325s] creating /home/chakrapani/drone_files/drone_precise_delivery/ros2_ws/build/drone_control/build/lib
[1.325s] creating /home/chakrapani/drone_files/drone_precise_delivery/ros2_ws/build/drone_control/build/lib/drone_control
[1.325s] copying drone_control/__init__.py -> /home/chakrapani/drone_files/drone_precise_delivery/ros2_ws/build/drone_control/build/lib/drone_control
[1.325s] copying drone_control/geotag_manager_node.py -> /home/chakrapani/drone_files/drone_precise_delivery/ros2_ws/build/drone_control/build/lib/drone_control
[1.325s] copying drone_control/drone_controller_node.py -> /home/chakrapani/drone_files/drone_precise_delivery/ros2_ws/build/drone_control/build/lib/drone_control
[1.326s] copying drone_control/offboard_controller_node.py -> /home/chakrapani/drone_files/drone_precise_delivery/ros2_ws/build/drone_control/build/lib/drone_control
[1.326s] running install
[1.326s] running install_lib
[1.330s] creating /home/chakrapani/drone_files/drone_precise_delivery/ros2_ws/install/drone_control/lib/python3.10/site-packages/drone_control
[1.330s] copying /home/chakrapani/drone_files/drone_precise_delivery/ros2_ws/build/drone_control/build/lib/drone_control/__init__.py -> /home/chakrapani/drone_files/drone_precise_delivery/ros2_ws/install/drone_control/lib/python3.10/site-packages/drone_control
[1.330s] copying /home/chakrapani/drone_files/drone_precise_delivery/ros2_ws/build/drone_control/build/lib/drone_control/geotag_manager_node.py -> /home/chakrapani/drone_files/drone_precise_delivery/ros2_ws/install/drone_control/lib/python3.10/site-packages/drone_control
[1.330s] copying /home/chakrapani/drone_files/drone_precise_delivery/ros2_ws/build/drone_control/build/lib/drone_control/drone_controller_node.py -> /home/chakrapani/drone_files/drone_precise_delivery/ros2_ws/install/drone_control/lib/python3.10/site-packages/drone_control
[1.330s] copying /home/chakrapani/drone_files/drone_precise_delivery/ros2_ws/build/drone_control/build/lib/drone_control/offboard_controller_node.py -> /home/chakrapani/drone_files/drone_precise_delivery/ros2_ws/install/drone_control/lib/python3.10/site-packages/drone_control
[1.330s] byte-compiling /home/chakrapani/drone_files/drone_precise_delivery/ros2_ws/install/drone_control/lib/python3.10/site-packages/drone_control/__init__.py to __init__.cpython-310.pyc
[1.330s] byte-compiling /home/chakrapani/drone_files/drone_precise_delivery/ros2_ws/install/drone_control/lib/python3.10/site-packages/drone_control/geotag_manager_node.py to geotag_manager_node.cpython-310.pyc
[1.331s] byte-compiling /home/chakrapani/drone_files/drone_precise_delivery/ros2_ws/install/drone_control/lib/python3.10/site-packages/drone_control/drone_controller_node.py to drone_controller_node.cpython-310.pyc
[1.334s] byte-compiling /home/chakrapani/drone_files/drone_precise_delivery/ros2_ws/install/drone_control/lib/python3.10/site-packages/drone_control/offboard_controller_node.py to offboard_controller_node.cpython-310.pyc
[1.335s] running install_data
[1.335s] creating /home/chakrapani/drone_files/drone_precise_delivery/ros2_ws/install/drone_control/share/ament_index
[1.335s] creating /home/chakrapani/drone_files/drone_precise_delivery/ros2_ws/install/drone_control/share/ament_index/resource_index
[1.335s] creating /home/chakrapani/drone_files/drone_precise_delivery/ros2_ws/install/drone_control/share/ament_index/resource_index/packages
[1.335s] copying resource/drone_control -> /home/chakrapani/drone_files/drone_precise_delivery/ros2_ws/install/drone_control/share/ament_index/resource_index/packages
[1.335s] copying package.xml -> /home/chakrapani/drone_files/drone_precise_delivery/ros2_ws/install/drone_control/share/drone_control
[1.335s] running install_egg_info
[1.338s] Copying ../../build/drone_control/drone_control.egg-info to /home/chakrapani/drone_files/drone_precise_delivery/ros2_ws/install/drone_control/lib/python3.10/site-packages/drone_control-0.0.0-py3.10.egg-info
[1.339s] running install_scripts
[1.363s] Installing drone_controller_node script to /home/chakrapani/drone_files/drone_precise_delivery/ros2_ws/install/drone_control/lib/drone_control
[1.364s] Installing geotag_manager_node script to /home/chakrapani/drone_files/drone_precise_delivery/ros2_ws/install/drone_control/lib/drone_control
[1.364s] Installing offboard_controller_node script to /home/chakrapani/drone_files/drone_precise_delivery/ros2_ws/install/drone_control/lib/drone_control
[1.364s] writing list of installed files to '/home/chakrapani/drone_files/drone_precise_delivery/ros2_ws/build/drone_control/install.log'
