[0.134s] DEBUG:colcon:Command line arguments: ['/usr/bin/colcon', 'build', '--allow-overriding', 'cv_bridge', 'image_geometry', 'vision_opencv']
[0.134s] DEBUG:colcon:Parsed command line arguments: Namespace(log_base=None, log_level=None, verb_name='build', build_base='build', install_base='install', merge_install=False, symlink_install=False, test_result_base=None, continue_on_error=False, executor='parallel', parallel_workers=2, event_handlers=None, ignore_user_meta=False, metas=['./colcon.meta'], base_paths=['.'], packages_ignore=None, packages_ignore_regex=None, paths=None, packages_up_to=None, packages_up_to_regex=None, packages_above=None, packages_above_and_dependencies=None, packages_above_depth=None, packages_select_by_dep=None, packages_skip_by_dep=None, packages_skip_up_to=None, packages_select_build_failed=False, packages_skip_build_finished=False, packages_select_test_failures=False, packages_skip_test_passed=False, packages_select=None, packages_skip=None, packages_select_regex=None, packages_skip_regex=None, packages_start=None, packages_end=None, allow_overriding=['cv_bridge', 'image_geometry', 'vision_opencv'], cmake_args=None, cmake_target=None, cmake_target_skip_unavailable=False, cmake_clean_cache=False, cmake_clean_first=False, cmake_force_configure=False, ament_cmake_args=None, catkin_cmake_args=None, catkin_skip_building_tests=False, mixin_files=None, mixin=None, verb_parser=<colcon_mixin.mixin.mixin_argument.MixinArgumentDecorator object at 0x733d5eb5e680>, verb_extension=<colcon_core.verb.build.BuildVerb object at 0x733d5ec5f550>, main=<bound method BuildVerb.main of <colcon_core.verb.build.BuildVerb object at 0x733d5ec5f550>>, mixin_verb=('build',))
[0.333s] Level 1:colcon.colcon_core.package_discovery:discover_packages(colcon_meta) check parameters
[0.333s] Level 1:colcon.colcon_core.package_discovery:discover_packages(recursive) check parameters
[0.334s] Level 1:colcon.colcon_core.package_discovery:discover_packages(ignore) check parameters
[0.334s] Level 1:colcon.colcon_core.package_discovery:discover_packages(path) check parameters
[0.334s] Level 1:colcon.colcon_core.package_discovery:discover_packages(colcon_meta) discover
[0.334s] Level 1:colcon.colcon_core.package_discovery:discover_packages(recursive) discover
[0.334s] INFO:colcon.colcon_core.package_discovery:Crawling recursively for packages in '/home/chakrapani/drone_files/drone_precise_delivery/ros2_ws'
[0.334s] Level 1:colcon.colcon_core.package_identification:_identify(.) by extensions ['ignore', 'ignore_ament_install']
[0.334s] Level 1:colcon.colcon_core.package_identification:_identify(.) by extension 'ignore'
[0.334s] Level 1:colcon.colcon_core.package_identification:_identify(.) by extension 'ignore_ament_install'
[0.334s] Level 1:colcon.colcon_core.package_identification:_identify(.) by extensions ['colcon_pkg']
[0.334s] Level 1:colcon.colcon_core.package_identification:_identify(.) by extension 'colcon_pkg'
[0.334s] Level 1:colcon.colcon_core.package_identification:_identify(.) by extensions ['colcon_meta']
[0.334s] Level 1:colcon.colcon_core.package_identification:_identify(.) by extension 'colcon_meta'
[0.334s] Level 1:colcon.colcon_core.package_identification:_identify(.) by extensions ['ros']
[0.334s] Level 1:colcon.colcon_core.package_identification:_identify(.) by extension 'ros'
[0.347s] Level 1:colcon.colcon_core.package_identification:_identify(.) by extensions ['cmake', 'python']
[0.347s] Level 1:colcon.colcon_core.package_identification:_identify(.) by extension 'cmake'
[0.347s] Level 1:colcon.colcon_core.package_identification:_identify(.) by extension 'python'
[0.347s] Level 1:colcon.colcon_core.package_identification:_identify(.) by extensions ['python_setup_py']
[0.347s] Level 1:colcon.colcon_core.package_identification:_identify(.) by extension 'python_setup_py'
[0.347s] Level 1:colcon.colcon_core.package_identification:_identify(build) by extensions ['ignore', 'ignore_ament_install']
[0.347s] Level 1:colcon.colcon_core.package_identification:_identify(build) by extension 'ignore'
[0.347s] Level 1:colcon.colcon_core.package_identification:_identify(build) ignored
[0.348s] Level 1:colcon.colcon_core.package_identification:_identify(install) by extensions ['ignore', 'ignore_ament_install']
[0.348s] Level 1:colcon.colcon_core.package_identification:_identify(install) by extension 'ignore'
[0.348s] Level 1:colcon.colcon_core.package_identification:_identify(install) ignored
[0.348s] Level 1:colcon.colcon_core.package_identification:_identify(log) by extensions ['ignore', 'ignore_ament_install']
[0.348s] Level 1:colcon.colcon_core.package_identification:_identify(log) by extension 'ignore'
[0.348s] Level 1:colcon.colcon_core.package_identification:_identify(log) ignored
[0.348s] Level 1:colcon.colcon_core.package_identification:_identify(src) by extensions ['ignore', 'ignore_ament_install']
[0.348s] Level 1:colcon.colcon_core.package_identification:_identify(src) by extension 'ignore'
[0.348s] Level 1:colcon.colcon_core.package_identification:_identify(src) by extension 'ignore_ament_install'
[0.348s] Level 1:colcon.colcon_core.package_identification:_identify(src) by extensions ['colcon_pkg']
[0.348s] Level 1:colcon.colcon_core.package_identification:_identify(src) by extension 'colcon_pkg'
[0.348s] Level 1:colcon.colcon_core.package_identification:_identify(src) by extensions ['colcon_meta']
[0.348s] Level 1:colcon.colcon_core.package_identification:_identify(src) by extension 'colcon_meta'
[0.348s] Level 1:colcon.colcon_core.package_identification:_identify(src) by extensions ['ros']
[0.349s] Level 1:colcon.colcon_core.package_identification:_identify(src) by extension 'ros'
[0.349s] Level 1:colcon.colcon_core.package_identification:_identify(src) by extensions ['cmake', 'python']
[0.349s] Level 1:colcon.colcon_core.package_identification:_identify(src) by extension 'cmake'
[0.349s] Level 1:colcon.colcon_core.package_identification:_identify(src) by extension 'python'
[0.349s] Level 1:colcon.colcon_core.package_identification:_identify(src) by extensions ['python_setup_py']
[0.349s] Level 1:colcon.colcon_core.package_identification:_identify(src) by extension 'python_setup_py'
[0.349s] Level 1:colcon.colcon_core.package_identification:_identify(src/aruco_tracker) by extensions ['ignore', 'ignore_ament_install']
[0.349s] Level 1:colcon.colcon_core.package_identification:_identify(src/aruco_tracker) by extension 'ignore'
[0.349s] Level 1:colcon.colcon_core.package_identification:_identify(src/aruco_tracker) by extension 'ignore_ament_install'
[0.349s] Level 1:colcon.colcon_core.package_identification:_identify(src/aruco_tracker) by extensions ['colcon_pkg']
[0.349s] Level 1:colcon.colcon_core.package_identification:_identify(src/aruco_tracker) by extension 'colcon_pkg'
[0.349s] Level 1:colcon.colcon_core.package_identification:_identify(src/aruco_tracker) by extensions ['colcon_meta']
[0.349s] Level 1:colcon.colcon_core.package_identification:_identify(src/aruco_tracker) by extension 'colcon_meta'
[0.349s] Level 1:colcon.colcon_core.package_identification:_identify(src/aruco_tracker) by extensions ['ros']
[0.349s] Level 1:colcon.colcon_core.package_identification:_identify(src/aruco_tracker) by extension 'ros'
[0.353s] DEBUG:colcon.colcon_core.package_identification:Package 'src/aruco_tracker' with type 'ros.ament_cmake' and name 'aruco_tracker'
[0.353s] Level 1:colcon.colcon_core.package_identification:_identify(src/drone_control) by extensions ['ignore', 'ignore_ament_install']
[0.353s] Level 1:colcon.colcon_core.package_identification:_identify(src/drone_control) by extension 'ignore'
[0.353s] Level 1:colcon.colcon_core.package_identification:_identify(src/drone_control) by extension 'ignore_ament_install'
[0.353s] Level 1:colcon.colcon_core.package_identification:_identify(src/drone_control) by extensions ['colcon_pkg']
[0.353s] Level 1:colcon.colcon_core.package_identification:_identify(src/drone_control) by extension 'colcon_pkg'
[0.353s] Level 1:colcon.colcon_core.package_identification:_identify(src/drone_control) by extensions ['colcon_meta']
[0.353s] Level 1:colcon.colcon_core.package_identification:_identify(src/drone_control) by extension 'colcon_meta'
[0.353s] Level 1:colcon.colcon_core.package_identification:_identify(src/drone_control) by extensions ['ros']
[0.353s] Level 1:colcon.colcon_core.package_identification:_identify(src/drone_control) by extension 'ros'
[0.354s] DEBUG:colcon.colcon_core.package_identification:Package 'src/drone_control' with type 'ros.ament_python' and name 'drone_control'
[0.354s] Level 1:colcon.colcon_core.package_identification:_identify(src/vision_opencv) by extensions ['ignore', 'ignore_ament_install']
[0.354s] Level 1:colcon.colcon_core.package_identification:_identify(src/vision_opencv) by extension 'ignore'
[0.354s] Level 1:colcon.colcon_core.package_identification:_identify(src/vision_opencv) by extension 'ignore_ament_install'
[0.354s] Level 1:colcon.colcon_core.package_identification:_identify(src/vision_opencv) by extensions ['colcon_pkg']
[0.354s] Level 1:colcon.colcon_core.package_identification:_identify(src/vision_opencv) by extension 'colcon_pkg'
[0.354s] Level 1:colcon.colcon_core.package_identification:_identify(src/vision_opencv) by extensions ['colcon_meta']
[0.354s] Level 1:colcon.colcon_core.package_identification:_identify(src/vision_opencv) by extension 'colcon_meta'
[0.354s] Level 1:colcon.colcon_core.package_identification:_identify(src/vision_opencv) by extensions ['ros']
[0.354s] Level 1:colcon.colcon_core.package_identification:_identify(src/vision_opencv) by extension 'ros'
[0.354s] Level 1:colcon.colcon_core.package_identification:_identify(src/vision_opencv) by extensions ['cmake', 'python']
[0.354s] Level 1:colcon.colcon_core.package_identification:_identify(src/vision_opencv) by extension 'cmake'
[0.355s] Level 1:colcon.colcon_core.package_identification:_identify(src/vision_opencv) by extension 'python'
[0.355s] Level 1:colcon.colcon_core.package_identification:_identify(src/vision_opencv) by extensions ['python_setup_py']
[0.355s] Level 1:colcon.colcon_core.package_identification:_identify(src/vision_opencv) by extension 'python_setup_py'
[0.355s] Level 1:colcon.colcon_core.package_identification:_identify(src/vision_opencv/cv_bridge) by extensions ['ignore', 'ignore_ament_install']
[0.355s] Level 1:colcon.colcon_core.package_identification:_identify(src/vision_opencv/cv_bridge) by extension 'ignore'
[0.355s] Level 1:colcon.colcon_core.package_identification:_identify(src/vision_opencv/cv_bridge) by extension 'ignore_ament_install'
[0.355s] Level 1:colcon.colcon_core.package_identification:_identify(src/vision_opencv/cv_bridge) by extensions ['colcon_pkg']
[0.355s] Level 1:colcon.colcon_core.package_identification:_identify(src/vision_opencv/cv_bridge) by extension 'colcon_pkg'
[0.355s] Level 1:colcon.colcon_core.package_identification:_identify(src/vision_opencv/cv_bridge) by extensions ['colcon_meta']
[0.355s] Level 1:colcon.colcon_core.package_identification:_identify(src/vision_opencv/cv_bridge) by extension 'colcon_meta'
[0.355s] Level 1:colcon.colcon_core.package_identification:_identify(src/vision_opencv/cv_bridge) by extensions ['ros']
[0.355s] Level 1:colcon.colcon_core.package_identification:_identify(src/vision_opencv/cv_bridge) by extension 'ros'
[0.356s] DEBUG:colcon.colcon_core.package_identification:Package 'src/vision_opencv/cv_bridge' with type 'ros.ament_cmake' and name 'cv_bridge'
[0.356s] Level 1:colcon.colcon_core.package_identification:_identify(src/vision_opencv/image_geometry) by extensions ['ignore', 'ignore_ament_install']
[0.357s] Level 1:colcon.colcon_core.package_identification:_identify(src/vision_opencv/image_geometry) by extension 'ignore'
[0.357s] Level 1:colcon.colcon_core.package_identification:_identify(src/vision_opencv/image_geometry) by extension 'ignore_ament_install'
[0.357s] Level 1:colcon.colcon_core.package_identification:_identify(src/vision_opencv/image_geometry) by extensions ['colcon_pkg']
[0.357s] Level 1:colcon.colcon_core.package_identification:_identify(src/vision_opencv/image_geometry) by extension 'colcon_pkg'
[0.357s] Level 1:colcon.colcon_core.package_identification:_identify(src/vision_opencv/image_geometry) by extensions ['colcon_meta']
[0.357s] Level 1:colcon.colcon_core.package_identification:_identify(src/vision_opencv/image_geometry) by extension 'colcon_meta'
[0.357s] Level 1:colcon.colcon_core.package_identification:_identify(src/vision_opencv/image_geometry) by extensions ['ros']
[0.357s] Level 1:colcon.colcon_core.package_identification:_identify(src/vision_opencv/image_geometry) by extension 'ros'
[0.358s] DEBUG:colcon.colcon_core.package_identification:Package 'src/vision_opencv/image_geometry' with type 'ros.ament_cmake' and name 'image_geometry'
[0.358s] Level 1:colcon.colcon_core.package_identification:_identify(src/vision_opencv/opencv_tests) by extensions ['ignore', 'ignore_ament_install']
[0.358s] Level 1:colcon.colcon_core.package_identification:_identify(src/vision_opencv/opencv_tests) by extension 'ignore'
[0.358s] Level 1:colcon.colcon_core.package_identification:_identify(src/vision_opencv/opencv_tests) by extension 'ignore_ament_install'
[0.358s] Level 1:colcon.colcon_core.package_identification:_identify(src/vision_opencv/opencv_tests) by extensions ['colcon_pkg']
[0.358s] Level 1:colcon.colcon_core.package_identification:_identify(src/vision_opencv/opencv_tests) by extension 'colcon_pkg'
[0.358s] Level 1:colcon.colcon_core.package_identification:_identify(src/vision_opencv/opencv_tests) by extensions ['colcon_meta']
[0.358s] Level 1:colcon.colcon_core.package_identification:_identify(src/vision_opencv/opencv_tests) by extension 'colcon_meta'
[0.358s] Level 1:colcon.colcon_core.package_identification:_identify(src/vision_opencv/opencv_tests) by extensions ['ros']
[0.358s] Level 1:colcon.colcon_core.package_identification:_identify(src/vision_opencv/opencv_tests) by extension 'ros'
[0.359s] DEBUG:colcon.colcon_core.package_identification:Package 'src/vision_opencv/opencv_tests' with type 'ros.ament_python' and name 'opencv_tests'
[0.359s] Level 1:colcon.colcon_core.package_identification:_identify(src/vision_opencv/vision_opencv) by extensions ['ignore', 'ignore_ament_install']
[0.359s] Level 1:colcon.colcon_core.package_identification:_identify(src/vision_opencv/vision_opencv) by extension 'ignore'
[0.359s] Level 1:colcon.colcon_core.package_identification:_identify(src/vision_opencv/vision_opencv) by extension 'ignore_ament_install'
[0.359s] Level 1:colcon.colcon_core.package_identification:_identify(src/vision_opencv/vision_opencv) by extensions ['colcon_pkg']
[0.359s] Level 1:colcon.colcon_core.package_identification:_identify(src/vision_opencv/vision_opencv) by extension 'colcon_pkg'
[0.359s] Level 1:colcon.colcon_core.package_identification:_identify(src/vision_opencv/vision_opencv) by extensions ['colcon_meta']
[0.359s] Level 1:colcon.colcon_core.package_identification:_identify(src/vision_opencv/vision_opencv) by extension 'colcon_meta'
[0.359s] Level 1:colcon.colcon_core.package_identification:_identify(src/vision_opencv/vision_opencv) by extensions ['ros']
[0.359s] Level 1:colcon.colcon_core.package_identification:_identify(src/vision_opencv/vision_opencv) by extension 'ros'
[0.360s] DEBUG:colcon.colcon_core.package_identification:Package 'src/vision_opencv/vision_opencv' with type 'ros.ament_cmake' and name 'vision_opencv'
[0.360s] Level 1:colcon.colcon_core.package_discovery:discover_packages(recursive) using defaults
[0.360s] Level 1:colcon.colcon_core.package_discovery:discover_packages(ignore) discover
[0.360s] Level 1:colcon.colcon_core.package_discovery:discover_packages(ignore) using defaults
[0.360s] Level 1:colcon.colcon_core.package_discovery:discover_packages(path) discover
[0.360s] Level 1:colcon.colcon_core.package_discovery:discover_packages(path) using defaults
[0.400s] Level 1:colcon.colcon_core.package_discovery:discover_packages(prefix_path) check parameters
[0.400s] Level 1:colcon.colcon_core.package_discovery:discover_packages(prefix_path) discover
[0.402s] DEBUG:colcon.colcon_installed_package_information.package_discovery:Found 4 installed packages in /home/chakrapani/drone_files/drone_precise_delivery/ros2_ws/install
[0.403s] DEBUG:colcon.colcon_installed_package_information.package_discovery:Found 1 installed packages in /home/chakrapani/px4_ros_ws/install
[0.404s] DEBUG:colcon.colcon_installed_package_information.package_discovery:Found 335 installed packages in /opt/ros/humble
[0.406s] Level 1:colcon.colcon_core.package_discovery:discover_packages(prefix_path) using defaults
[0.457s] Level 5:colcon.colcon_core.verb:set package 'cv_bridge' build argument 'cmake_args' from command line to 'None'
[0.457s] Level 5:colcon.colcon_core.verb:set package 'cv_bridge' build argument 'cmake_target' from command line to 'None'
[0.457s] Level 5:colcon.colcon_core.verb:set package 'cv_bridge' build argument 'cmake_target_skip_unavailable' from command line to 'False'
[0.457s] Level 5:colcon.colcon_core.verb:set package 'cv_bridge' build argument 'cmake_clean_cache' from command line to 'False'
[0.457s] Level 5:colcon.colcon_core.verb:set package 'cv_bridge' build argument 'cmake_clean_first' from command line to 'False'
[0.457s] Level 5:colcon.colcon_core.verb:set package 'cv_bridge' build argument 'cmake_force_configure' from command line to 'False'
[0.457s] Level 5:colcon.colcon_core.verb:set package 'cv_bridge' build argument 'ament_cmake_args' from command line to 'None'
[0.457s] Level 5:colcon.colcon_core.verb:set package 'cv_bridge' build argument 'catkin_cmake_args' from command line to 'None'
[0.457s] Level 5:colcon.colcon_core.verb:set package 'cv_bridge' build argument 'catkin_skip_building_tests' from command line to 'False'
[0.457s] DEBUG:colcon.colcon_core.verb:Building package 'cv_bridge' with the following arguments: {'ament_cmake_args': None, 'build_base': '/home/chakrapani/drone_files/drone_precise_delivery/ros2_ws/build/cv_bridge', 'catkin_cmake_args': None, 'catkin_skip_building_tests': False, 'cmake_args': None, 'cmake_clean_cache': False, 'cmake_clean_first': False, 'cmake_force_configure': False, 'cmake_target': None, 'cmake_target_skip_unavailable': False, 'install_base': '/home/chakrapani/drone_files/drone_precise_delivery/ros2_ws/install/cv_bridge', 'merge_install': False, 'path': '/home/chakrapani/drone_files/drone_precise_delivery/ros2_ws/src/vision_opencv/cv_bridge', 'symlink_install': False, 'test_result_base': None}
[0.457s] Level 5:colcon.colcon_core.verb:set package 'drone_control' build argument 'cmake_args' from command line to 'None'
[0.457s] Level 5:colcon.colcon_core.verb:set package 'drone_control' build argument 'cmake_target' from command line to 'None'
[0.457s] Level 5:colcon.colcon_core.verb:set package 'drone_control' build argument 'cmake_target_skip_unavailable' from command line to 'False'
[0.457s] Level 5:colcon.colcon_core.verb:set package 'drone_control' build argument 'cmake_clean_cache' from command line to 'False'
[0.457s] Level 5:colcon.colcon_core.verb:set package 'drone_control' build argument 'cmake_clean_first' from command line to 'False'
[0.457s] Level 5:colcon.colcon_core.verb:set package 'drone_control' build argument 'cmake_force_configure' from command line to 'False'
[0.457s] Level 5:colcon.colcon_core.verb:set package 'drone_control' build argument 'ament_cmake_args' from command line to 'None'
[0.457s] Level 5:colcon.colcon_core.verb:set package 'drone_control' build argument 'catkin_cmake_args' from command line to 'None'
[0.458s] Level 5:colcon.colcon_core.verb:set package 'drone_control' build argument 'catkin_skip_building_tests' from command line to 'False'
[0.458s] DEBUG:colcon.colcon_core.verb:Building package 'drone_control' with the following arguments: {'ament_cmake_args': None, 'build_base': '/home/chakrapani/drone_files/drone_precise_delivery/ros2_ws/build/drone_control', 'catkin_cmake_args': None, 'catkin_skip_building_tests': False, 'cmake_args': None, 'cmake_clean_cache': False, 'cmake_clean_first': False, 'cmake_force_configure': False, 'cmake_target': None, 'cmake_target_skip_unavailable': False, 'install_base': '/home/chakrapani/drone_files/drone_precise_delivery/ros2_ws/install/drone_control', 'merge_install': False, 'path': '/home/chakrapani/drone_files/drone_precise_delivery/ros2_ws/src/drone_control', 'symlink_install': False, 'test_result_base': None}
[0.458s] Level 5:colcon.colcon_core.verb:set package 'image_geometry' build argument 'cmake_args' from command line to 'None'
[0.458s] Level 5:colcon.colcon_core.verb:set package 'image_geometry' build argument 'cmake_target' from command line to 'None'
[0.458s] Level 5:colcon.colcon_core.verb:set package 'image_geometry' build argument 'cmake_target_skip_unavailable' from command line to 'False'
[0.458s] Level 5:colcon.colcon_core.verb:set package 'image_geometry' build argument 'cmake_clean_cache' from command line to 'False'
[0.458s] Level 5:colcon.colcon_core.verb:set package 'image_geometry' build argument 'cmake_clean_first' from command line to 'False'
[0.458s] Level 5:colcon.colcon_core.verb:set package 'image_geometry' build argument 'cmake_force_configure' from command line to 'False'
[0.458s] Level 5:colcon.colcon_core.verb:set package 'image_geometry' build argument 'ament_cmake_args' from command line to 'None'
[0.458s] Level 5:colcon.colcon_core.verb:set package 'image_geometry' build argument 'catkin_cmake_args' from command line to 'None'
[0.458s] Level 5:colcon.colcon_core.verb:set package 'image_geometry' build argument 'catkin_skip_building_tests' from command line to 'False'
[0.458s] DEBUG:colcon.colcon_core.verb:Building package 'image_geometry' with the following arguments: {'ament_cmake_args': None, 'build_base': '/home/chakrapani/drone_files/drone_precise_delivery/ros2_ws/build/image_geometry', 'catkin_cmake_args': None, 'catkin_skip_building_tests': False, 'cmake_args': None, 'cmake_clean_cache': False, 'cmake_clean_first': False, 'cmake_force_configure': False, 'cmake_target': None, 'cmake_target_skip_unavailable': False, 'install_base': '/home/chakrapani/drone_files/drone_precise_delivery/ros2_ws/install/image_geometry', 'merge_install': False, 'path': '/home/chakrapani/drone_files/drone_precise_delivery/ros2_ws/src/vision_opencv/image_geometry', 'symlink_install': False, 'test_result_base': None}
[0.459s] Level 5:colcon.colcon_core.verb:set package 'aruco_tracker' build argument 'cmake_args' from command line to 'None'
[0.459s] Level 5:colcon.colcon_core.verb:set package 'aruco_tracker' build argument 'cmake_target' from command line to 'None'
[0.459s] Level 5:colcon.colcon_core.verb:set package 'aruco_tracker' build argument 'cmake_target_skip_unavailable' from command line to 'False'
[0.459s] Level 5:colcon.colcon_core.verb:set package 'aruco_tracker' build argument 'cmake_clean_cache' from command line to 'False'
[0.459s] Level 5:colcon.colcon_core.verb:set package 'aruco_tracker' build argument 'cmake_clean_first' from command line to 'False'
[0.459s] Level 5:colcon.colcon_core.verb:set package 'aruco_tracker' build argument 'cmake_force_configure' from command line to 'False'
[0.459s] Level 5:colcon.colcon_core.verb:set package 'aruco_tracker' build argument 'ament_cmake_args' from command line to 'None'
[0.459s] Level 5:colcon.colcon_core.verb:set package 'aruco_tracker' build argument 'catkin_cmake_args' from command line to 'None'
[0.459s] Level 5:colcon.colcon_core.verb:set package 'aruco_tracker' build argument 'catkin_skip_building_tests' from command line to 'False'
[0.459s] DEBUG:colcon.colcon_core.verb:Building package 'aruco_tracker' with the following arguments: {'ament_cmake_args': None, 'build_base': '/home/chakrapani/drone_files/drone_precise_delivery/ros2_ws/build/aruco_tracker', 'catkin_cmake_args': None, 'catkin_skip_building_tests': False, 'cmake_args': None, 'cmake_clean_cache': False, 'cmake_clean_first': False, 'cmake_force_configure': False, 'cmake_target': None, 'cmake_target_skip_unavailable': False, 'install_base': '/home/chakrapani/drone_files/drone_precise_delivery/ros2_ws/install/aruco_tracker', 'merge_install': False, 'path': '/home/chakrapani/drone_files/drone_precise_delivery/ros2_ws/src/aruco_tracker', 'symlink_install': False, 'test_result_base': None}
[0.459s] Level 5:colcon.colcon_core.verb:set package 'opencv_tests' build argument 'cmake_args' from command line to 'None'
[0.459s] Level 5:colcon.colcon_core.verb:set package 'opencv_tests' build argument 'cmake_target' from command line to 'None'
[0.459s] Level 5:colcon.colcon_core.verb:set package 'opencv_tests' build argument 'cmake_target_skip_unavailable' from command line to 'False'
[0.459s] Level 5:colcon.colcon_core.verb:set package 'opencv_tests' build argument 'cmake_clean_cache' from command line to 'False'
[0.459s] Level 5:colcon.colcon_core.verb:set package 'opencv_tests' build argument 'cmake_clean_first' from command line to 'False'
[0.459s] Level 5:colcon.colcon_core.verb:set package 'opencv_tests' build argument 'cmake_force_configure' from command line to 'False'
[0.459s] Level 5:colcon.colcon_core.verb:set package 'opencv_tests' build argument 'ament_cmake_args' from command line to 'None'
[0.459s] Level 5:colcon.colcon_core.verb:set package 'opencv_tests' build argument 'catkin_cmake_args' from command line to 'None'
[0.459s] Level 5:colcon.colcon_core.verb:set package 'opencv_tests' build argument 'catkin_skip_building_tests' from command line to 'False'
[0.459s] DEBUG:colcon.colcon_core.verb:Building package 'opencv_tests' with the following arguments: {'ament_cmake_args': None, 'build_base': '/home/chakrapani/drone_files/drone_precise_delivery/ros2_ws/build/opencv_tests', 'catkin_cmake_args': None, 'catkin_skip_building_tests': False, 'cmake_args': None, 'cmake_clean_cache': False, 'cmake_clean_first': False, 'cmake_force_configure': False, 'cmake_target': None, 'cmake_target_skip_unavailable': False, 'install_base': '/home/chakrapani/drone_files/drone_precise_delivery/ros2_ws/install/opencv_tests', 'merge_install': False, 'path': '/home/chakrapani/drone_files/drone_precise_delivery/ros2_ws/src/vision_opencv/opencv_tests', 'symlink_install': False, 'test_result_base': None}
[0.460s] Level 5:colcon.colcon_core.verb:set package 'vision_opencv' build argument 'cmake_args' from command line to 'None'
[0.460s] Level 5:colcon.colcon_core.verb:set package 'vision_opencv' build argument 'cmake_target' from command line to 'None'
[0.460s] Level 5:colcon.colcon_core.verb:set package 'vision_opencv' build argument 'cmake_target_skip_unavailable' from command line to 'False'
[0.460s] Level 5:colcon.colcon_core.verb:set package 'vision_opencv' build argument 'cmake_clean_cache' from command line to 'False'
[0.460s] Level 5:colcon.colcon_core.verb:set package 'vision_opencv' build argument 'cmake_clean_first' from command line to 'False'
[0.460s] Level 5:colcon.colcon_core.verb:set package 'vision_opencv' build argument 'cmake_force_configure' from command line to 'False'
[0.460s] Level 5:colcon.colcon_core.verb:set package 'vision_opencv' build argument 'ament_cmake_args' from command line to 'None'
[0.460s] Level 5:colcon.colcon_core.verb:set package 'vision_opencv' build argument 'catkin_cmake_args' from command line to 'None'
[0.460s] Level 5:colcon.colcon_core.verb:set package 'vision_opencv' build argument 'catkin_skip_building_tests' from command line to 'False'
[0.460s] DEBUG:colcon.colcon_core.verb:Building package 'vision_opencv' with the following arguments: {'ament_cmake_args': None, 'build_base': '/home/chakrapani/drone_files/drone_precise_delivery/ros2_ws/build/vision_opencv', 'catkin_cmake_args': None, 'catkin_skip_building_tests': False, 'cmake_args': None, 'cmake_clean_cache': False, 'cmake_clean_first': False, 'cmake_force_configure': False, 'cmake_target': None, 'cmake_target_skip_unavailable': False, 'install_base': '/home/chakrapani/drone_files/drone_precise_delivery/ros2_ws/install/vision_opencv', 'merge_install': False, 'path': '/home/chakrapani/drone_files/drone_precise_delivery/ros2_ws/src/vision_opencv/vision_opencv', 'symlink_install': False, 'test_result_base': None}
[0.460s] INFO:colcon.colcon_core.executor:Executing jobs using 'parallel' executor
[0.461s] DEBUG:colcon.colcon_parallel_executor.executor.parallel:run_until_complete
[0.462s] INFO:colcon.colcon_ros.task.ament_cmake.build:Building ROS package in '/home/chakrapani/drone_files/drone_precise_delivery/ros2_ws/src/vision_opencv/cv_bridge' with build type 'ament_cmake'
[0.462s] INFO:colcon.colcon_cmake.task.cmake.build:Building CMake package in '/home/chakrapani/drone_files/drone_precise_delivery/ros2_ws/src/vision_opencv/cv_bridge'
[0.464s] INFO:colcon.colcon_core.plugin_system:Skipping extension 'colcon_core.shell.bat': Not used on non-Windows systems
[0.464s] INFO:colcon.colcon_core.shell:Skip shell extension 'powershell' for command environment: Not usable outside of PowerShell
[0.464s] DEBUG:colcon.colcon_core.shell:Skip shell extension 'dsv' for command environment
[0.469s] INFO:colcon.colcon_ros.task.ament_cmake.build:Building ROS package in '/home/chakrapani/drone_files/drone_precise_delivery/ros2_ws/src/vision_opencv/image_geometry' with build type 'ament_cmake'
[0.469s] INFO:colcon.colcon_cmake.task.cmake.build:Building CMake package in '/home/chakrapani/drone_files/drone_precise_delivery/ros2_ws/src/vision_opencv/image_geometry'
[0.469s] INFO:colcon.colcon_core.shell:Skip shell extension 'powershell' for command environment: Not usable outside of PowerShell
[0.469s] DEBUG:colcon.colcon_core.shell:Skip shell extension 'dsv' for command environment
[0.483s] DEBUG:colcon.colcon_core.event_handler.log_command:Invoking command in '/home/chakrapani/drone_files/drone_precise_delivery/ros2_ws/build/cv_bridge': CMAKE_PREFIX_PATH=${CMAKE_PREFIX_PATH}:/home/chakrapani/drone_files/drone_precise_delivery/ros2_ws/install/drone_control:/opt/ros/humble /usr/bin/cmake --build /home/chakrapani/drone_files/drone_precise_delivery/ros2_ws/build/cv_bridge -- -j2 -l2
[0.488s] DEBUG:colcon.colcon_core.event_handler.log_command:Invoking command in '/home/chakrapani/drone_files/drone_precise_delivery/ros2_ws/build/image_geometry': CMAKE_PREFIX_PATH=${CMAKE_PREFIX_PATH}:/home/chakrapani/drone_files/drone_precise_delivery/ros2_ws/install/drone_control:/opt/ros/humble /usr/bin/cmake --build /home/chakrapani/drone_files/drone_precise_delivery/ros2_ws/build/image_geometry -- -j2 -l2
[1.090s] DEBUG:colcon.colcon_core.event_handler.log_command:Invoked command in '/home/chakrapani/drone_files/drone_precise_delivery/ros2_ws/build/image_geometry' returned '0': CMAKE_PREFIX_PATH=${CMAKE_PREFIX_PATH}:/home/chakrapani/drone_files/drone_precise_delivery/ros2_ws/install/drone_control:/opt/ros/humble /usr/bin/cmake --build /home/chakrapani/drone_files/drone_precise_delivery/ros2_ws/build/image_geometry -- -j2 -l2
[1.101s] DEBUG:colcon.colcon_core.event_handler.log_command:Invoking command in '/home/chakrapani/drone_files/drone_precise_delivery/ros2_ws/build/image_geometry': CMAKE_PREFIX_PATH=${CMAKE_PREFIX_PATH}:/home/chakrapani/drone_files/drone_precise_delivery/ros2_ws/install/drone_control:/opt/ros/humble /usr/bin/cmake --install /home/chakrapani/drone_files/drone_precise_delivery/ros2_ws/build/image_geometry
[1.105s] DEBUG:colcon.colcon_core.event_handler.log_command:Invoked command in '/home/chakrapani/drone_files/drone_precise_delivery/ros2_ws/build/cv_bridge' returned '0': CMAKE_PREFIX_PATH=${CMAKE_PREFIX_PATH}:/home/chakrapani/drone_files/drone_precise_delivery/ros2_ws/install/drone_control:/opt/ros/humble /usr/bin/cmake --build /home/chakrapani/drone_files/drone_precise_delivery/ros2_ws/build/cv_bridge -- -j2 -l2
[1.106s] DEBUG:colcon.colcon_core.event_handler.log_command:Invoking command in '/home/chakrapani/drone_files/drone_precise_delivery/ros2_ws/build/cv_bridge': CMAKE_PREFIX_PATH=${CMAKE_PREFIX_PATH}:/home/chakrapani/drone_files/drone_precise_delivery/ros2_ws/install/drone_control:/opt/ros/humble /usr/bin/cmake --install /home/chakrapani/drone_files/drone_precise_delivery/ros2_ws/build/cv_bridge
[1.167s] Level 1:colcon.colcon_core.environment:create_environment_scripts_only(image_geometry)
[1.169s] DEBUG:colcon.colcon_core.event_handler.log_command:Invoked command in '/home/chakrapani/drone_files/drone_precise_delivery/ros2_ws/build/image_geometry' returned '0': CMAKE_PREFIX_PATH=${CMAKE_PREFIX_PATH}:/home/chakrapani/drone_files/drone_precise_delivery/ros2_ws/install/drone_control:/opt/ros/humble /usr/bin/cmake --install /home/chakrapani/drone_files/drone_precise_delivery/ros2_ws/build/image_geometry
[1.171s] Level 1:colcon.colcon_core.environment:checking '/home/chakrapani/drone_files/drone_precise_delivery/ros2_ws/install/image_geometry' for CMake module files
[1.172s] Level 1:colcon.colcon_core.environment:checking '/home/chakrapani/drone_files/drone_precise_delivery/ros2_ws/install/image_geometry' for CMake config files
[1.172s] Level 1:colcon.colcon_core.shell:create_environment_hook('image_geometry', 'cmake_prefix_path')
[1.173s] INFO:colcon.colcon_core.shell:Creating environment hook '/home/chakrapani/drone_files/drone_precise_delivery/ros2_ws/install/image_geometry/share/image_geometry/hook/cmake_prefix_path.ps1'
[1.176s] INFO:colcon.colcon_core.shell:Creating environment descriptor '/home/chakrapani/drone_files/drone_precise_delivery/ros2_ws/install/image_geometry/share/image_geometry/hook/cmake_prefix_path.dsv'
[1.176s] INFO:colcon.colcon_core.shell:Creating environment hook '/home/chakrapani/drone_files/drone_precise_delivery/ros2_ws/install/image_geometry/share/image_geometry/hook/cmake_prefix_path.sh'
[1.177s] Level 1:colcon.colcon_core.environment:checking '/home/chakrapani/drone_files/drone_precise_delivery/ros2_ws/install/image_geometry/lib'
[1.178s] Level 1:colcon.colcon_core.shell:create_environment_hook('image_geometry', 'ld_library_path_lib')
[1.178s] INFO:colcon.colcon_core.shell:Creating environment hook '/home/chakrapani/drone_files/drone_precise_delivery/ros2_ws/install/image_geometry/share/image_geometry/hook/ld_library_path_lib.ps1'
[1.178s] INFO:colcon.colcon_core.shell:Creating environment descriptor '/home/chakrapani/drone_files/drone_precise_delivery/ros2_ws/install/image_geometry/share/image_geometry/hook/ld_library_path_lib.dsv'
[1.179s] INFO:colcon.colcon_core.shell:Creating environment hook '/home/chakrapani/drone_files/drone_precise_delivery/ros2_ws/install/image_geometry/share/image_geometry/hook/ld_library_path_lib.sh'
[1.179s] Level 1:colcon.colcon_core.environment:checking '/home/chakrapani/drone_files/drone_precise_delivery/ros2_ws/install/image_geometry/bin'
[1.179s] Level 1:colcon.colcon_core.environment:checking '/home/chakrapani/drone_files/drone_precise_delivery/ros2_ws/install/image_geometry/lib/pkgconfig/image_geometry.pc'
[1.179s] Level 1:colcon.colcon_core.environment:checking '/home/chakrapani/drone_files/drone_precise_delivery/ros2_ws/install/image_geometry/lib/python3.10/site-packages'
[1.180s] Level 1:colcon.colcon_core.environment:checking '/home/chakrapani/drone_files/drone_precise_delivery/ros2_ws/install/image_geometry/bin'
[1.180s] INFO:colcon.colcon_core.shell:Creating package script '/home/chakrapani/drone_files/drone_precise_delivery/ros2_ws/install/image_geometry/share/image_geometry/package.ps1'
[1.181s] INFO:colcon.colcon_core.shell:Creating package descriptor '/home/chakrapani/drone_files/drone_precise_delivery/ros2_ws/install/image_geometry/share/image_geometry/package.dsv'
[1.182s] INFO:colcon.colcon_core.shell:Creating package script '/home/chakrapani/drone_files/drone_precise_delivery/ros2_ws/install/image_geometry/share/image_geometry/package.sh'
[1.183s] INFO:colcon.colcon_core.shell:Creating package script '/home/chakrapani/drone_files/drone_precise_delivery/ros2_ws/install/image_geometry/share/image_geometry/package.bash'
[1.183s] INFO:colcon.colcon_core.shell:Creating package script '/home/chakrapani/drone_files/drone_precise_delivery/ros2_ws/install/image_geometry/share/image_geometry/package.zsh'
[1.184s] Level 1:colcon.colcon_core.environment:create_file_with_runtime_dependencies(/home/chakrapani/drone_files/drone_precise_delivery/ros2_ws/install/image_geometry/share/colcon-core/packages/image_geometry)
[1.185s] Level 1:colcon.colcon_core.environment:create_environment_scripts_only(image_geometry)
[1.185s] Level 1:colcon.colcon_core.environment:checking '/home/chakrapani/drone_files/drone_precise_delivery/ros2_ws/install/image_geometry' for CMake module files
[1.185s] Level 1:colcon.colcon_core.environment:checking '/home/chakrapani/drone_files/drone_precise_delivery/ros2_ws/install/image_geometry' for CMake config files
[1.186s] Level 1:colcon.colcon_core.shell:create_environment_hook('image_geometry', 'cmake_prefix_path')
[1.186s] INFO:colcon.colcon_core.shell:Creating environment hook '/home/chakrapani/drone_files/drone_precise_delivery/ros2_ws/install/image_geometry/share/image_geometry/hook/cmake_prefix_path.ps1'
[1.186s] INFO:colcon.colcon_core.shell:Creating environment descriptor '/home/chakrapani/drone_files/drone_precise_delivery/ros2_ws/install/image_geometry/share/image_geometry/hook/cmake_prefix_path.dsv'
[1.187s] INFO:colcon.colcon_core.shell:Creating environment hook '/home/chakrapani/drone_files/drone_precise_delivery/ros2_ws/install/image_geometry/share/image_geometry/hook/cmake_prefix_path.sh'
[1.187s] Level 1:colcon.colcon_core.environment:checking '/home/chakrapani/drone_files/drone_precise_delivery/ros2_ws/install/image_geometry/lib'
[1.188s] Level 1:colcon.colcon_core.shell:create_environment_hook('image_geometry', 'ld_library_path_lib')
[1.188s] INFO:colcon.colcon_core.shell:Creating environment hook '/home/chakrapani/drone_files/drone_precise_delivery/ros2_ws/install/image_geometry/share/image_geometry/hook/ld_library_path_lib.ps1'
[1.188s] INFO:colcon.colcon_core.shell:Creating environment descriptor '/home/chakrapani/drone_files/drone_precise_delivery/ros2_ws/install/image_geometry/share/image_geometry/hook/ld_library_path_lib.dsv'
[1.189s] INFO:colcon.colcon_core.shell:Creating environment hook '/home/chakrapani/drone_files/drone_precise_delivery/ros2_ws/install/image_geometry/share/image_geometry/hook/ld_library_path_lib.sh'
[1.189s] Level 1:colcon.colcon_core.environment:checking '/home/chakrapani/drone_files/drone_precise_delivery/ros2_ws/install/image_geometry/bin'
[1.189s] Level 1:colcon.colcon_core.environment:checking '/home/chakrapani/drone_files/drone_precise_delivery/ros2_ws/install/image_geometry/lib/pkgconfig/image_geometry.pc'
[1.189s] Level 1:colcon.colcon_core.environment:checking '/home/chakrapani/drone_files/drone_precise_delivery/ros2_ws/install/image_geometry/lib/python3.10/site-packages'
[1.190s] Level 1:colcon.colcon_core.environment:checking '/home/chakrapani/drone_files/drone_precise_delivery/ros2_ws/install/image_geometry/bin'
[1.190s] INFO:colcon.colcon_core.shell:Creating package script '/home/chakrapani/drone_files/drone_precise_delivery/ros2_ws/install/image_geometry/share/image_geometry/package.ps1'
[1.191s] INFO:colcon.colcon_core.shell:Creating package descriptor '/home/chakrapani/drone_files/drone_precise_delivery/ros2_ws/install/image_geometry/share/image_geometry/package.dsv'
[1.191s] INFO:colcon.colcon_core.shell:Creating package script '/home/chakrapani/drone_files/drone_precise_delivery/ros2_ws/install/image_geometry/share/image_geometry/package.sh'
[1.192s] INFO:colcon.colcon_core.shell:Creating package script '/home/chakrapani/drone_files/drone_precise_delivery/ros2_ws/install/image_geometry/share/image_geometry/package.bash'
[1.193s] INFO:colcon.colcon_core.shell:Creating package script '/home/chakrapani/drone_files/drone_precise_delivery/ros2_ws/install/image_geometry/share/image_geometry/package.zsh'
[1.194s] Level 1:colcon.colcon_core.environment:create_file_with_runtime_dependencies(/home/chakrapani/drone_files/drone_precise_delivery/ros2_ws/install/image_geometry/share/colcon-core/packages/image_geometry)
[1.195s] INFO:colcon.colcon_ros.task.ament_python.build:Building ROS package in '/home/chakrapani/drone_files/drone_precise_delivery/ros2_ws/src/drone_control' with build type 'ament_python'
[1.195s] Level 1:colcon.colcon_core.shell:create_environment_hook('drone_control', 'ament_prefix_path')
[1.196s] INFO:colcon.colcon_core.shell:Creating environment hook '/home/chakrapani/drone_files/drone_precise_delivery/ros2_ws/install/drone_control/share/drone_control/hook/ament_prefix_path.ps1'
[1.196s] INFO:colcon.colcon_core.shell:Creating environment descriptor '/home/chakrapani/drone_files/drone_precise_delivery/ros2_ws/install/drone_control/share/drone_control/hook/ament_prefix_path.dsv'
[1.197s] INFO:colcon.colcon_core.shell:Creating environment hook '/home/chakrapani/drone_files/drone_precise_delivery/ros2_ws/install/drone_control/share/drone_control/hook/ament_prefix_path.sh'
[1.198s] INFO:colcon.colcon_core.shell:Skip shell extension 'powershell' for command environment: Not usable outside of PowerShell
[1.198s] DEBUG:colcon.colcon_core.shell:Skip shell extension 'dsv' for command environment
[1.203s] Level 1:colcon.colcon_core.environment:create_environment_scripts_only(cv_bridge)
[1.203s] DEBUG:colcon.colcon_core.event_handler.log_command:Invoked command in '/home/chakrapani/drone_files/drone_precise_delivery/ros2_ws/build/cv_bridge' returned '0': CMAKE_PREFIX_PATH=${CMAKE_PREFIX_PATH}:/home/chakrapani/drone_files/drone_precise_delivery/ros2_ws/install/drone_control:/opt/ros/humble /usr/bin/cmake --install /home/chakrapani/drone_files/drone_precise_delivery/ros2_ws/build/cv_bridge
[1.204s] Level 1:colcon.colcon_core.environment:checking '/home/chakrapani/drone_files/drone_precise_delivery/ros2_ws/install/cv_bridge' for CMake module files
[1.205s] Level 1:colcon.colcon_core.environment:checking '/home/chakrapani/drone_files/drone_precise_delivery/ros2_ws/install/cv_bridge' for CMake config files
[1.205s] Level 1:colcon.colcon_core.shell:create_environment_hook('cv_bridge', 'cmake_prefix_path')
[1.205s] INFO:colcon.colcon_core.shell:Creating environment hook '/home/chakrapani/drone_files/drone_precise_delivery/ros2_ws/install/cv_bridge/share/cv_bridge/hook/cmake_prefix_path.ps1'
[1.206s] INFO:colcon.colcon_core.shell:Creating environment descriptor '/home/chakrapani/drone_files/drone_precise_delivery/ros2_ws/install/cv_bridge/share/cv_bridge/hook/cmake_prefix_path.dsv'
[1.206s] INFO:colcon.colcon_core.shell:Creating environment hook '/home/chakrapani/drone_files/drone_precise_delivery/ros2_ws/install/cv_bridge/share/cv_bridge/hook/cmake_prefix_path.sh'
[1.207s] Level 1:colcon.colcon_core.environment:checking '/home/chakrapani/drone_files/drone_precise_delivery/ros2_ws/install/cv_bridge/lib'
[1.207s] Level 1:colcon.colcon_core.shell:create_environment_hook('cv_bridge', 'ld_library_path_lib')
[1.207s] INFO:colcon.colcon_core.shell:Creating environment hook '/home/chakrapani/drone_files/drone_precise_delivery/ros2_ws/install/cv_bridge/share/cv_bridge/hook/ld_library_path_lib.ps1'
[1.207s] INFO:colcon.colcon_core.shell:Creating environment descriptor '/home/chakrapani/drone_files/drone_precise_delivery/ros2_ws/install/cv_bridge/share/cv_bridge/hook/ld_library_path_lib.dsv'
[1.208s] INFO:colcon.colcon_core.shell:Creating environment hook '/home/chakrapani/drone_files/drone_precise_delivery/ros2_ws/install/cv_bridge/share/cv_bridge/hook/ld_library_path_lib.sh'
[1.208s] Level 1:colcon.colcon_core.environment:checking '/home/chakrapani/drone_files/drone_precise_delivery/ros2_ws/install/cv_bridge/bin'
[1.208s] Level 1:colcon.colcon_core.environment:checking '/home/chakrapani/drone_files/drone_precise_delivery/ros2_ws/install/cv_bridge/lib/pkgconfig/cv_bridge.pc'
[1.209s] Level 1:colcon.colcon_core.environment:checking '/home/chakrapani/drone_files/drone_precise_delivery/ros2_ws/install/cv_bridge/lib/python3.10/site-packages'
[1.209s] Level 1:colcon.colcon_core.environment:checking '/home/chakrapani/drone_files/drone_precise_delivery/ros2_ws/install/cv_bridge/bin'
[1.209s] INFO:colcon.colcon_core.shell:Creating package script '/home/chakrapani/drone_files/drone_precise_delivery/ros2_ws/install/cv_bridge/share/cv_bridge/package.ps1'
[1.210s] INFO:colcon.colcon_core.shell:Creating package descriptor '/home/chakrapani/drone_files/drone_precise_delivery/ros2_ws/install/cv_bridge/share/cv_bridge/package.dsv'
[1.210s] INFO:colcon.colcon_core.shell:Creating package script '/home/chakrapani/drone_files/drone_precise_delivery/ros2_ws/install/cv_bridge/share/cv_bridge/package.sh'
[1.211s] INFO:colcon.colcon_core.shell:Creating package script '/home/chakrapani/drone_files/drone_precise_delivery/ros2_ws/install/cv_bridge/share/cv_bridge/package.bash'
[1.211s] INFO:colcon.colcon_core.shell:Creating package script '/home/chakrapani/drone_files/drone_precise_delivery/ros2_ws/install/cv_bridge/share/cv_bridge/package.zsh'
[1.212s] Level 1:colcon.colcon_core.environment:create_file_with_runtime_dependencies(/home/chakrapani/drone_files/drone_precise_delivery/ros2_ws/install/cv_bridge/share/colcon-core/packages/cv_bridge)
[1.213s] Level 1:colcon.colcon_core.environment:create_environment_scripts_only(cv_bridge)
[1.213s] Level 1:colcon.colcon_core.environment:checking '/home/chakrapani/drone_files/drone_precise_delivery/ros2_ws/install/cv_bridge' for CMake module files
[1.213s] Level 1:colcon.colcon_core.environment:checking '/home/chakrapani/drone_files/drone_precise_delivery/ros2_ws/install/cv_bridge' for CMake config files
[1.214s] Level 1:colcon.colcon_core.shell:create_environment_hook('cv_bridge', 'cmake_prefix_path')
[1.214s] INFO:colcon.colcon_core.shell:Creating environment hook '/home/chakrapani/drone_files/drone_precise_delivery/ros2_ws/install/cv_bridge/share/cv_bridge/hook/cmake_prefix_path.ps1'
[1.214s] INFO:colcon.colcon_core.shell:Creating environment descriptor '/home/chakrapani/drone_files/drone_precise_delivery/ros2_ws/install/cv_bridge/share/cv_bridge/hook/cmake_prefix_path.dsv'
[1.215s] INFO:colcon.colcon_core.shell:Creating environment hook '/home/chakrapani/drone_files/drone_precise_delivery/ros2_ws/install/cv_bridge/share/cv_bridge/hook/cmake_prefix_path.sh'
[1.215s] Level 1:colcon.colcon_core.environment:checking '/home/chakrapani/drone_files/drone_precise_delivery/ros2_ws/install/cv_bridge/lib'
[1.215s] Level 1:colcon.colcon_core.shell:create_environment_hook('cv_bridge', 'ld_library_path_lib')
[1.216s] INFO:colcon.colcon_core.shell:Creating environment hook '/home/chakrapani/drone_files/drone_precise_delivery/ros2_ws/install/cv_bridge/share/cv_bridge/hook/ld_library_path_lib.ps1'
[1.216s] INFO:colcon.colcon_core.shell:Creating environment descriptor '/home/chakrapani/drone_files/drone_precise_delivery/ros2_ws/install/cv_bridge/share/cv_bridge/hook/ld_library_path_lib.dsv'
[1.217s] INFO:colcon.colcon_core.shell:Creating environment hook '/home/chakrapani/drone_files/drone_precise_delivery/ros2_ws/install/cv_bridge/share/cv_bridge/hook/ld_library_path_lib.sh'
[1.217s] Level 1:colcon.colcon_core.environment:checking '/home/chakrapani/drone_files/drone_precise_delivery/ros2_ws/install/cv_bridge/bin'
[1.217s] Level 1:colcon.colcon_core.environment:checking '/home/chakrapani/drone_files/drone_precise_delivery/ros2_ws/install/cv_bridge/lib/pkgconfig/cv_bridge.pc'
[1.218s] Level 1:colcon.colcon_core.environment:checking '/home/chakrapani/drone_files/drone_precise_delivery/ros2_ws/install/cv_bridge/lib/python3.10/site-packages'
[1.218s] Level 1:colcon.colcon_core.environment:checking '/home/chakrapani/drone_files/drone_precise_delivery/ros2_ws/install/cv_bridge/bin'
[1.218s] INFO:colcon.colcon_core.shell:Creating package script '/home/chakrapani/drone_files/drone_precise_delivery/ros2_ws/install/cv_bridge/share/cv_bridge/package.ps1'
[1.219s] INFO:colcon.colcon_core.shell:Creating package descriptor '/home/chakrapani/drone_files/drone_precise_delivery/ros2_ws/install/cv_bridge/share/cv_bridge/package.dsv'
[1.219s] INFO:colcon.colcon_core.shell:Creating package script '/home/chakrapani/drone_files/drone_precise_delivery/ros2_ws/install/cv_bridge/share/cv_bridge/package.sh'
[1.220s] INFO:colcon.colcon_core.shell:Creating package script '/home/chakrapani/drone_files/drone_precise_delivery/ros2_ws/install/cv_bridge/share/cv_bridge/package.bash'
[1.220s] INFO:colcon.colcon_core.shell:Creating package script '/home/chakrapani/drone_files/drone_precise_delivery/ros2_ws/install/cv_bridge/share/cv_bridge/package.zsh'
[1.221s] Level 1:colcon.colcon_core.environment:create_file_with_runtime_dependencies(/home/chakrapani/drone_files/drone_precise_delivery/ros2_ws/install/cv_bridge/share/colcon-core/packages/cv_bridge)
[1.222s] INFO:colcon.colcon_ros.task.ament_cmake.build:Building ROS package in '/home/chakrapani/drone_files/drone_precise_delivery/ros2_ws/src/aruco_tracker' with build type 'ament_cmake'
[1.222s] INFO:colcon.colcon_cmake.task.cmake.build:Building CMake package in '/home/chakrapani/drone_files/drone_precise_delivery/ros2_ws/src/aruco_tracker'
[1.222s] INFO:colcon.colcon_core.shell:Skip shell extension 'powershell' for command environment: Not usable outside of PowerShell
[1.222s] DEBUG:colcon.colcon_core.shell:Skip shell extension 'dsv' for command environment
[1.536s] INFO:colcon.colcon_core.task.python.build:Building Python package in '/home/chakrapani/drone_files/drone_precise_delivery/ros2_ws/src/drone_control'
[1.537s] INFO:colcon.colcon_core.shell:Skip shell extension 'powershell' for command environment: Not usable outside of PowerShell
[1.537s] DEBUG:colcon.colcon_core.shell:Skip shell extension 'dsv' for command environment
[1.546s] DEBUG:colcon.colcon_core.event_handler.log_command:Invoking command in '/home/chakrapani/drone_files/drone_precise_delivery/ros2_ws/build/aruco_tracker': CMAKE_PREFIX_PATH=/home/chakrapani/drone_files/drone_precise_delivery/ros2_ws/install/cv_bridge:/home/chakrapani/drone_files/drone_precise_delivery/ros2_ws/install/image_geometry:/home/chakrapani/px4_ros_ws/install/px4_msgs:/home/chakrapani/drone_files/drone_precise_delivery/ros2_ws/install/drone_control:/opt/ros/humble LD_LIBRARY_PATH=/home/chakrapani/drone_files/drone_precise_delivery/ros2_ws/install/cv_bridge/lib:/home/chakrapani/drone_files/drone_precise_delivery/ros2_ws/install/image_geometry/lib:/home/chakrapani/px4_ros_ws/install/px4_msgs/lib:/usr/lib/x86_64-linux-gnu/gazebo-11/plugins:/opt/ros/humble/opt/rviz_ogre_vendor/lib:/opt/ros/humble/lib/x86_64-linux-gnu:/opt/ros/humble/lib /usr/bin/cmake --build /home/chakrapani/drone_files/drone_precise_delivery/ros2_ws/build/aruco_tracker -- -j2 -l2
[2.053s] DEBUG:colcon.colcon_core.event_handler.log_command:Invoking command in '/home/chakrapani/drone_files/drone_precise_delivery/ros2_ws/src/drone_control': PYTHONPATH=/home/chakrapani/drone_files/drone_precise_delivery/ros2_ws/build/drone_control/prefix_override:/usr/lib/python3/dist-packages/colcon_core/task/python/colcon_distutils_commands:/home/chakrapani/drone_files/drone_precise_delivery/ros2_ws/install/drone_control/lib/python3.10/site-packages:${PYTHONPATH} /usr/bin/python3 -W ignore:setup.py install is deprecated -W ignore:easy_install command is deprecated setup.py egg_info --egg-base ../../build/drone_control build --build-base /home/chakrapani/drone_files/drone_precise_delivery/ros2_ws/build/drone_control/build install --record /home/chakrapani/drone_files/drone_precise_delivery/ros2_ws/build/drone_control/install.log --single-version-externally-managed install_data
[2.441s] Level 1:colcon.colcon_core.environment:checking '/home/chakrapani/drone_files/drone_precise_delivery/ros2_ws/install/drone_control' for CMake module files
[2.441s] Level 1:colcon.colcon_core.environment:checking '/home/chakrapani/drone_files/drone_precise_delivery/ros2_ws/install/drone_control' for CMake config files
[2.442s] Level 1:colcon.colcon_core.environment:checking '/home/chakrapani/drone_files/drone_precise_delivery/ros2_ws/install/drone_control/lib'
[2.442s] Level 1:colcon.colcon_core.environment:checking '/home/chakrapani/drone_files/drone_precise_delivery/ros2_ws/install/drone_control/bin'
[2.442s] Level 1:colcon.colcon_core.environment:checking '/home/chakrapani/drone_files/drone_precise_delivery/ros2_ws/install/drone_control/lib/pkgconfig/drone_control.pc'
[2.442s] Level 1:colcon.colcon_core.environment:checking '/home/chakrapani/drone_files/drone_precise_delivery/ros2_ws/install/drone_control/lib/python3.10/site-packages'
[2.442s] DEBUG:colcon.colcon_core.event_handler.log_command:Invoked command in '/home/chakrapani/drone_files/drone_precise_delivery/ros2_ws/src/drone_control' returned '0': PYTHONPATH=/home/chakrapani/drone_files/drone_precise_delivery/ros2_ws/build/drone_control/prefix_override:/usr/lib/python3/dist-packages/colcon_core/task/python/colcon_distutils_commands:/home/chakrapani/drone_files/drone_precise_delivery/ros2_ws/install/drone_control/lib/python3.10/site-packages:${PYTHONPATH} /usr/bin/python3 -W ignore:setup.py install is deprecated -W ignore:easy_install command is deprecated setup.py egg_info --egg-base ../../build/drone_control build --build-base /home/chakrapani/drone_files/drone_precise_delivery/ros2_ws/build/drone_control/build install --record /home/chakrapani/drone_files/drone_precise_delivery/ros2_ws/build/drone_control/install.log --single-version-externally-managed install_data
[2.443s] Level 1:colcon.colcon_core.shell:create_environment_hook('drone_control', 'pythonpath')
[2.443s] INFO:colcon.colcon_core.shell:Creating environment hook '/home/chakrapani/drone_files/drone_precise_delivery/ros2_ws/install/drone_control/share/drone_control/hook/pythonpath.ps1'
[2.443s] INFO:colcon.colcon_core.shell:Creating environment descriptor '/home/chakrapani/drone_files/drone_precise_delivery/ros2_ws/install/drone_control/share/drone_control/hook/pythonpath.dsv'
[2.444s] INFO:colcon.colcon_core.shell:Creating environment hook '/home/chakrapani/drone_files/drone_precise_delivery/ros2_ws/install/drone_control/share/drone_control/hook/pythonpath.sh'
[2.445s] Level 1:colcon.colcon_core.environment:checking '/home/chakrapani/drone_files/drone_precise_delivery/ros2_ws/install/drone_control/bin'
[2.445s] Level 1:colcon.colcon_core.environment:create_environment_scripts_only(drone_control)
[2.445s] INFO:colcon.colcon_core.shell:Creating package script '/home/chakrapani/drone_files/drone_precise_delivery/ros2_ws/install/drone_control/share/drone_control/package.ps1'
[2.446s] INFO:colcon.colcon_core.shell:Creating package descriptor '/home/chakrapani/drone_files/drone_precise_delivery/ros2_ws/install/drone_control/share/drone_control/package.dsv'
[2.446s] INFO:colcon.colcon_core.shell:Creating package script '/home/chakrapani/drone_files/drone_precise_delivery/ros2_ws/install/drone_control/share/drone_control/package.sh'
[2.447s] INFO:colcon.colcon_core.shell:Creating package script '/home/chakrapani/drone_files/drone_precise_delivery/ros2_ws/install/drone_control/share/drone_control/package.bash'
[2.447s] INFO:colcon.colcon_core.shell:Creating package script '/home/chakrapani/drone_files/drone_precise_delivery/ros2_ws/install/drone_control/share/drone_control/package.zsh'
[2.447s] Level 1:colcon.colcon_core.environment:create_file_with_runtime_dependencies(/home/chakrapani/drone_files/drone_precise_delivery/ros2_ws/install/drone_control/share/colcon-core/packages/drone_control)
[2.448s] INFO:colcon.colcon_ros.task.ament_python.build:Building ROS package in '/home/chakrapani/drone_files/drone_precise_delivery/ros2_ws/src/vision_opencv/opencv_tests' with build type 'ament_python'
[2.448s] Level 1:colcon.colcon_core.shell:create_environment_hook('opencv_tests', 'ament_prefix_path')
[2.449s] INFO:colcon.colcon_core.shell:Creating environment hook '/home/chakrapani/drone_files/drone_precise_delivery/ros2_ws/install/opencv_tests/share/opencv_tests/hook/ament_prefix_path.ps1'
[2.449s] INFO:colcon.colcon_core.shell:Creating environment descriptor '/home/chakrapani/drone_files/drone_precise_delivery/ros2_ws/install/opencv_tests/share/opencv_tests/hook/ament_prefix_path.dsv'
[2.450s] INFO:colcon.colcon_core.shell:Creating environment hook '/home/chakrapani/drone_files/drone_precise_delivery/ros2_ws/install/opencv_tests/share/opencv_tests/hook/ament_prefix_path.sh'
[2.450s] INFO:colcon.colcon_core.shell:Skip shell extension 'powershell' for command environment: Not usable outside of PowerShell
[2.450s] DEBUG:colcon.colcon_core.shell:Skip shell extension 'dsv' for command environment
[2.783s] INFO:colcon.colcon_core.task.python.build:Building Python package in '/home/chakrapani/drone_files/drone_precise_delivery/ros2_ws/src/vision_opencv/opencv_tests'
[2.783s] INFO:colcon.colcon_core.shell:Skip shell extension 'powershell' for command environment: Not usable outside of PowerShell
[2.784s] DEBUG:colcon.colcon_core.shell:Skip shell extension 'dsv' for command environment
[2.789s] DEBUG:colcon.colcon_core.event_handler.log_command:Invoked command in '/home/chakrapani/drone_files/drone_precise_delivery/ros2_ws/build/aruco_tracker' returned '2': CMAKE_PREFIX_PATH=/home/chakrapani/drone_files/drone_precise_delivery/ros2_ws/install/cv_bridge:/home/chakrapani/drone_files/drone_precise_delivery/ros2_ws/install/image_geometry:/home/chakrapani/px4_ros_ws/install/px4_msgs:/home/chakrapani/drone_files/drone_precise_delivery/ros2_ws/install/drone_control:/opt/ros/humble LD_LIBRARY_PATH=/home/chakrapani/drone_files/drone_precise_delivery/ros2_ws/install/cv_bridge/lib:/home/chakrapani/drone_files/drone_precise_delivery/ros2_ws/install/image_geometry/lib:/home/chakrapani/px4_ros_ws/install/px4_msgs/lib:/usr/lib/x86_64-linux-gnu/gazebo-11/plugins:/opt/ros/humble/opt/rviz_ogre_vendor/lib:/opt/ros/humble/lib/x86_64-linux-gnu:/opt/ros/humble/lib /usr/bin/cmake --build /home/chakrapani/drone_files/drone_precise_delivery/ros2_ws/build/aruco_tracker -- -j2 -l2
[2.790s] Level 1:colcon.colcon_core.environment:create_environment_scripts_only(aruco_tracker)
[2.790s] Level 1:colcon.colcon_core.environment:checking '/home/chakrapani/drone_files/drone_precise_delivery/ros2_ws/install/aruco_tracker' for CMake module files
[2.790s] Level 1:colcon.colcon_core.environment:checking '/home/chakrapani/drone_files/drone_precise_delivery/ros2_ws/install/aruco_tracker' for CMake config files
[2.791s] Level 1:colcon.colcon_core.environment:checking '/home/chakrapani/drone_files/drone_precise_delivery/ros2_ws/install/aruco_tracker/bin'
[2.791s] Level 1:colcon.colcon_core.environment:checking '/home/chakrapani/drone_files/drone_precise_delivery/ros2_ws/install/aruco_tracker/lib/pkgconfig/aruco_tracker.pc'
[2.791s] Level 1:colcon.colcon_core.environment:checking '/home/chakrapani/drone_files/drone_precise_delivery/ros2_ws/install/aruco_tracker/lib/python3.10/site-packages'
[2.791s] Level 1:colcon.colcon_core.environment:checking '/home/chakrapani/drone_files/drone_precise_delivery/ros2_ws/install/aruco_tracker/bin'
[2.791s] INFO:colcon.colcon_core.shell:Creating package script '/home/chakrapani/drone_files/drone_precise_delivery/ros2_ws/install/aruco_tracker/share/aruco_tracker/package.ps1'
[2.792s] INFO:colcon.colcon_core.shell:Creating package descriptor '/home/chakrapani/drone_files/drone_precise_delivery/ros2_ws/install/aruco_tracker/share/aruco_tracker/package.dsv'
[2.793s] INFO:colcon.colcon_core.shell:Creating package script '/home/chakrapani/drone_files/drone_precise_delivery/ros2_ws/install/aruco_tracker/share/aruco_tracker/package.sh'
[2.793s] INFO:colcon.colcon_core.shell:Creating package script '/home/chakrapani/drone_files/drone_precise_delivery/ros2_ws/install/aruco_tracker/share/aruco_tracker/package.bash'
[2.793s] INFO:colcon.colcon_core.shell:Creating package script '/home/chakrapani/drone_files/drone_precise_delivery/ros2_ws/install/aruco_tracker/share/aruco_tracker/package.zsh'
[2.794s] Level 1:colcon.colcon_core.environment:create_file_with_runtime_dependencies(/home/chakrapani/drone_files/drone_precise_delivery/ros2_ws/install/aruco_tracker/share/colcon-core/packages/aruco_tracker)
[2.805s] DEBUG:colcon.colcon_parallel_executor.executor.parallel:closing loop
[2.805s] DEBUG:colcon.colcon_parallel_executor.executor.parallel:loop closed
[2.805s] DEBUG:colcon.colcon_parallel_executor.executor.parallel:run_until_complete finished with '2'
[2.806s] DEBUG:colcon.colcon_core.event_reactor:joining thread
[2.813s] INFO:colcon.colcon_core.plugin_system:Skipping extension 'colcon_notification.desktop_notification.terminal_notifier': Not used on non-Darwin systems
[2.813s] INFO:colcon.colcon_core.plugin_system:Skipping extension 'colcon_notification.desktop_notification.win32': Not used on non-Windows systems
[2.813s] INFO:colcon.colcon_notification.desktop_notification:Sending desktop notification using 'notify2'
[2.827s] DEBUG:colcon.colcon_core.event_reactor:joined thread
[2.827s] INFO:colcon.colcon_core.shell:Creating prefix script '/home/chakrapani/drone_files/drone_precise_delivery/ros2_ws/install/local_setup.ps1'
[2.828s] INFO:colcon.colcon_core.shell:Creating prefix util module '/home/chakrapani/drone_files/drone_precise_delivery/ros2_ws/install/_local_setup_util_ps1.py'
[2.831s] INFO:colcon.colcon_core.shell:Creating prefix chain script '/home/chakrapani/drone_files/drone_precise_delivery/ros2_ws/install/setup.ps1'
[2.833s] INFO:colcon.colcon_core.shell:Creating prefix script '/home/chakrapani/drone_files/drone_precise_delivery/ros2_ws/install/local_setup.sh'
[2.834s] INFO:colcon.colcon_core.shell:Creating prefix util module '/home/chakrapani/drone_files/drone_precise_delivery/ros2_ws/install/_local_setup_util_sh.py'
[2.836s] INFO:colcon.colcon_core.shell:Creating prefix chain script '/home/chakrapani/drone_files/drone_precise_delivery/ros2_ws/install/setup.sh'
[2.838s] INFO:colcon.colcon_core.shell:Creating prefix script '/home/chakrapani/drone_files/drone_precise_delivery/ros2_ws/install/local_setup.bash'
[2.838s] INFO:colcon.colcon_core.shell:Creating prefix chain script '/home/chakrapani/drone_files/drone_precise_delivery/ros2_ws/install/setup.bash'
[2.839s] INFO:colcon.colcon_core.shell:Creating prefix script '/home/chakrapani/drone_files/drone_precise_delivery/ros2_ws/install/local_setup.zsh'
[2.840s] INFO:colcon.colcon_core.shell:Creating prefix chain script '/home/chakrapani/drone_files/drone_precise_delivery/ros2_ws/install/setup.zsh'
