[2.773s] Invoking command in '/home/chakrapani/drone_files/drone_precise_delivery/ros2_ws/src/marker_tracker': PS1=\[\e]0;\u@\h: \w\a\]${debian_chroot:+($debian_chroot)}\[\033[01;32m\]\u@\h\[\033[00m\]:\[\033[01;34m\]\w\[\033[00m\]\$ PYTHONPATH=/home/chakrapani/drone_files/drone_precise_delivery/ros2_ws/build/marker_tracker/prefix_override:/usr/lib/python3/dist-packages/colcon_core/task/python/colcon_distutils_commands:/home/chakrapani/drone_files/drone_precise_delivery/ros2_ws/install/marker_tracker/lib/python3.10/site-packages:${PYTHONPATH} /usr/bin/python3 -W ignore:setup.py install is deprecated -W ignore:easy_install command is deprecated setup.py egg_info --egg-base ../../build/marker_tracker build --build-base /home/chakrapani/drone_files/drone_precise_delivery/ros2_ws/build/marker_tracker/build install --record /home/chakrapani/drone_files/drone_precise_delivery/ros2_ws/build/marker_tracker/install.log --single-version-externally-managed install_data
[3.956s] running egg_info
[3.958s] writing ../../build/marker_tracker/marker_tracker.egg-info/PKG-INFO
[3.959s] writing dependency_links to ../../build/marker_tracker/marker_tracker.egg-info/dependency_links.txt
[3.960s] writing entry points to ../../build/marker_tracker/marker_tracker.egg-info/entry_points.txt
[3.960s] writing requirements to ../../build/marker_tracker/marker_tracker.egg-info/requires.txt
[3.962s] writing top-level names to ../../build/marker_tracker/marker_tracker.egg-info/top_level.txt
[3.982s] reading manifest file '../../build/marker_tracker/marker_tracker.egg-info/SOURCES.txt'
[4.006s] writing manifest file '../../build/marker_tracker/marker_tracker.egg-info/SOURCES.txt'
[4.006s] running build
[4.007s] running build_py
[4.007s] copying marker_tracker/marker_tracker_node.py -> /home/chakrapani/drone_files/drone_precise_delivery/ros2_ws/build/marker_tracker/build/lib/marker_tracker
[4.015s] running install
[4.017s] running install_lib
[4.023s] copying /home/chakrapani/drone_files/drone_precise_delivery/ros2_ws/build/marker_tracker/build/lib/marker_tracker/marker_tracker_node.py -> /home/chakrapani/drone_files/drone_precise_delivery/ros2_ws/install/marker_tracker/lib/python3.10/site-packages/marker_tracker
[4.026s] byte-compiling /home/chakrapani/drone_files/drone_precise_delivery/ros2_ws/install/marker_tracker/lib/python3.10/site-packages/marker_tracker/marker_tracker_node.py to marker_tracker_node.cpython-310.pyc
[4.033s] running install_data
[4.034s] running install_egg_info
[4.047s] removing '/home/chakrapani/drone_files/drone_precise_delivery/ros2_ws/install/marker_tracker/lib/python3.10/site-packages/marker_tracker-0.0.0-py3.10.egg-info' (and everything under it)
[4.049s] Copying ../../build/marker_tracker/marker_tracker.egg-info to /home/chakrapani/drone_files/drone_precise_delivery/ros2_ws/install/marker_tracker/lib/python3.10/site-packages/marker_tracker-0.0.0-py3.10.egg-info
[4.053s] running install_scripts
[4.151s] Installing marker_tracker_node script to /home/chakrapani/drone_files/drone_precise_delivery/ros2_ws/install/marker_tracker/lib/marker_tracker
[4.152s] writing list of installed files to '/home/chakrapani/drone_files/drone_precise_delivery/ros2_ws/build/marker_tracker/install.log'
[4.296s] Invoked command in '/home/chakrapani/drone_files/drone_precise_delivery/ros2_ws/src/marker_tracker' returned '0': PS1=\[\e]0;\u@\h: \w\a\]${debian_chroot:+($debian_chroot)}\[\033[01;32m\]\u@\h\[\033[00m\]:\[\033[01;34m\]\w\[\033[00m\]\$ PYTHONPATH=/home/chakrapani/drone_files/drone_precise_delivery/ros2_ws/build/marker_tracker/prefix_override:/usr/lib/python3/dist-packages/colcon_core/task/python/colcon_distutils_commands:/home/chakrapani/drone_files/drone_precise_delivery/ros2_ws/install/marker_tracker/lib/python3.10/site-packages:${PYTHONPATH} /usr/bin/python3 -W ignore:setup.py install is deprecated -W ignore:easy_install command is deprecated setup.py egg_info --egg-base ../../build/marker_tracker build --build-base /home/chakrapani/drone_files/drone_precise_delivery/ros2_ws/build/marker_tracker/build install --record /home/chakrapani/drone_files/drone_precise_delivery/ros2_ws/build/marker_tracker/install.log --single-version-externally-managed install_data
