[1.167s] Invoking command in '/home/chakrapani/drone_files/drone_precise_delivery/ros2_ws/src/drone_control': PS1=(venv) \[\e]0;\u@\h: \w\a\]${debian_chroot:+($debian_chroot)}\[\033[01;32m\]\u@\h\[\033[00m\]:\[\033[01;34m\]\w\[\033[00m\]\$ PYTHONPATH=/home/chakrapani/drone_files/drone_precise_delivery/ros2_ws/build/drone_control/prefix_override:/usr/lib/python3/dist-packages/colcon_core/task/python/colcon_distutils_commands:/home/chakrapani/drone_files/drone_precise_delivery/ros2_ws/install/drone_control/lib/python3.10/site-packages:${PYTHONPATH} VIRTUAL_ENV_PROMPT=(venv) /usr/bin/python3 -W ignore:setup.py install is deprecated -W ignore:easy_install command is deprecated setup.py egg_info --egg-base ../../build/drone_control build --build-base /home/chakrapani/drone_files/drone_precise_delivery/ros2_ws/build/drone_control/build install --record /home/chakrapani/drone_files/drone_precise_delivery/ros2_ws/build/drone_control/install.log --single-version-externally-managed install_data
[1.490s] running egg_info
[1.491s] writing ../../build/drone_control/drone_control.egg-info/PKG-INFO
[1.491s] writing dependency_links to ../../build/drone_control/drone_control.egg-info/dependency_links.txt
[1.492s] writing entry points to ../../build/drone_control/drone_control.egg-info/entry_points.txt
[1.493s] writing requirements to ../../build/drone_control/drone_control.egg-info/requires.txt
[1.493s] writing top-level names to ../../build/drone_control/drone_control.egg-info/top_level.txt
[1.496s] reading manifest file '../../build/drone_control/drone_control.egg-info/SOURCES.txt'
[1.498s] writing manifest file '../../build/drone_control/drone_control.egg-info/SOURCES.txt'
[1.498s] running build
[1.499s] running build_py
[1.502s] running install
[1.502s] running install_lib
[1.502s] running install_data
[1.502s] running install_egg_info
[1.505s] removing '/home/chakrapani/drone_files/drone_precise_delivery/ros2_ws/install/drone_control/lib/python3.10/site-packages/drone_control-0.0.0-py3.10.egg-info' (and everything under it)
[1.512s] Copying ../../build/drone_control/drone_control.egg-info to /home/chakrapani/drone_files/drone_precise_delivery/ros2_ws/install/drone_control/lib/python3.10/site-packages/drone_control-0.0.0-py3.10.egg-info
[1.512s] running install_scripts
[1.545s] Installing drone_controller_node script to /home/chakrapani/drone_files/drone_precise_delivery/ros2_ws/install/drone_control/lib/drone_control
[1.547s] Installing geotag_manager_node script to /home/chakrapani/drone_files/drone_precise_delivery/ros2_ws/install/drone_control/lib/drone_control
[1.547s] Installing offboard_controller_node script to /home/chakrapani/drone_files/drone_precise_delivery/ros2_ws/install/drone_control/lib/drone_control
[1.547s] writing list of installed files to '/home/chakrapani/drone_files/drone_precise_delivery/ros2_ws/build/drone_control/install.log'
[1.591s] Invoked command in '/home/chakrapani/drone_files/drone_precise_delivery/ros2_ws/src/drone_control' returned '0': PS1=(venv) \[\e]0;\u@\h: \w\a\]${debian_chroot:+($debian_chroot)}\[\033[01;32m\]\u@\h\[\033[00m\]:\[\033[01;34m\]\w\[\033[00m\]\$ PYTHONPATH=/home/chakrapani/drone_files/drone_precise_delivery/ros2_ws/build/drone_control/prefix_override:/usr/lib/python3/dist-packages/colcon_core/task/python/colcon_distutils_commands:/home/chakrapani/drone_files/drone_precise_delivery/ros2_ws/install/drone_control/lib/python3.10/site-packages:${PYTHONPATH} VIRTUAL_ENV_PROMPT=(venv) /usr/bin/python3 -W ignore:setup.py install is deprecated -W ignore:easy_install command is deprecated setup.py egg_info --egg-base ../../build/drone_control build --build-base /home/chakrapani/drone_files/drone_precise_delivery/ros2_ws/build/drone_control/build install --record /home/chakrapani/drone_files/drone_precise_delivery/ros2_ws/build/drone_control/install.log --single-version-externally-managed install_data
