[0.139s] DEBUG:colcon:Command line arguments: ['/usr/bin/colcon', 'build', '--packages-select', 'aruco_tracker']
[0.139s] DEBUG:colcon:Parsed command line arguments: Namespace(log_base=None, log_level=None, verb_name='build', build_base='build', install_base='install', merge_install=False, symlink_install=False, test_result_base=None, continue_on_error=False, executor='parallel', parallel_workers=2, event_handlers=None, ignore_user_meta=False, metas=['./colcon.meta'], base_paths=['.'], packages_ignore=None, packages_ignore_regex=None, paths=None, packages_up_to=None, packages_up_to_regex=None, packages_above=None, packages_above_and_dependencies=None, packages_above_depth=None, packages_select_by_dep=None, packages_skip_by_dep=None, packages_skip_up_to=None, packages_select_build_failed=False, packages_skip_build_finished=False, packages_select_test_failures=False, packages_skip_test_passed=False, packages_select=['aruco_tracker'], packages_skip=None, packages_select_regex=None, packages_skip_regex=None, packages_start=None, packages_end=None, allow_overriding=[], cmake_args=None, cmake_target=None, cmake_target_skip_unavailable=False, cmake_clean_cache=False, cmake_clean_first=False, cmake_force_configure=False, ament_cmake_args=None, catkin_cmake_args=None, catkin_skip_building_tests=False, mixin_files=None, mixin=None, verb_parser=<colcon_mixin.mixin.mixin_argument.MixinArgumentDecorator object at 0x7b2572ace680>, verb_extension=<colcon_core.verb.build.BuildVerb object at 0x7b2572c57550>, main=<bound method BuildVerb.main of <colcon_core.verb.build.BuildVerb object at 0x7b2572c57550>>, mixin_verb=('build',))
[0.347s] Level 1:colcon.colcon_core.package_discovery:discover_packages(colcon_meta) check parameters
[0.347s] Level 1:colcon.colcon_core.package_discovery:discover_packages(recursive) check parameters
[0.347s] Level 1:colcon.colcon_core.package_discovery:discover_packages(ignore) check parameters
[0.347s] Level 1:colcon.colcon_core.package_discovery:discover_packages(path) check parameters
[0.347s] Level 1:colcon.colcon_core.package_discovery:discover_packages(colcon_meta) discover
[0.347s] Level 1:colcon.colcon_core.package_discovery:discover_packages(recursive) discover
[0.347s] INFO:colcon.colcon_core.package_discovery:Crawling recursively for packages in '/home/chakrapani/drone_files/drone_precise_delivery/ros2_ws'
[0.347s] Level 1:colcon.colcon_core.package_identification:_identify(.) by extensions ['ignore', 'ignore_ament_install']
[0.347s] Level 1:colcon.colcon_core.package_identification:_identify(.) by extension 'ignore'
[0.347s] Level 1:colcon.colcon_core.package_identification:_identify(.) by extension 'ignore_ament_install'
[0.347s] Level 1:colcon.colcon_core.package_identification:_identify(.) by extensions ['colcon_pkg']
[0.347s] Level 1:colcon.colcon_core.package_identification:_identify(.) by extension 'colcon_pkg'
[0.347s] Level 1:colcon.colcon_core.package_identification:_identify(.) by extensions ['colcon_meta']
[0.348s] Level 1:colcon.colcon_core.package_identification:_identify(.) by extension 'colcon_meta'
[0.348s] Level 1:colcon.colcon_core.package_identification:_identify(.) by extensions ['ros']
[0.348s] Level 1:colcon.colcon_core.package_identification:_identify(.) by extension 'ros'
[0.361s] Level 1:colcon.colcon_core.package_identification:_identify(.) by extensions ['cmake', 'python']
[0.361s] Level 1:colcon.colcon_core.package_identification:_identify(.) by extension 'cmake'
[0.361s] Level 1:colcon.colcon_core.package_identification:_identify(.) by extension 'python'
[0.362s] Level 1:colcon.colcon_core.package_identification:_identify(.) by extensions ['python_setup_py']
[0.362s] Level 1:colcon.colcon_core.package_identification:_identify(.) by extension 'python_setup_py'
[0.362s] Level 1:colcon.colcon_core.package_identification:_identify(build) by extensions ['ignore', 'ignore_ament_install']
[0.362s] Level 1:colcon.colcon_core.package_identification:_identify(build) by extension 'ignore'
[0.362s] Level 1:colcon.colcon_core.package_identification:_identify(build) ignored
[0.362s] Level 1:colcon.colcon_core.package_identification:_identify(install) by extensions ['ignore', 'ignore_ament_install']
[0.362s] Level 1:colcon.colcon_core.package_identification:_identify(install) by extension 'ignore'
[0.362s] Level 1:colcon.colcon_core.package_identification:_identify(install) ignored
[0.362s] Level 1:colcon.colcon_core.package_identification:_identify(log) by extensions ['ignore', 'ignore_ament_install']
[0.362s] Level 1:colcon.colcon_core.package_identification:_identify(log) by extension 'ignore'
[0.363s] Level 1:colcon.colcon_core.package_identification:_identify(log) ignored
[0.363s] Level 1:colcon.colcon_core.package_identification:_identify(src) by extensions ['ignore', 'ignore_ament_install']
[0.363s] Level 1:colcon.colcon_core.package_identification:_identify(src) by extension 'ignore'
[0.363s] Level 1:colcon.colcon_core.package_identification:_identify(src) by extension 'ignore_ament_install'
[0.363s] Level 1:colcon.colcon_core.package_identification:_identify(src) by extensions ['colcon_pkg']
[0.363s] Level 1:colcon.colcon_core.package_identification:_identify(src) by extension 'colcon_pkg'
[0.363s] Level 1:colcon.colcon_core.package_identification:_identify(src) by extensions ['colcon_meta']
[0.363s] Level 1:colcon.colcon_core.package_identification:_identify(src) by extension 'colcon_meta'
[0.363s] Level 1:colcon.colcon_core.package_identification:_identify(src) by extensions ['ros']
[0.363s] Level 1:colcon.colcon_core.package_identification:_identify(src) by extension 'ros'
[0.363s] Level 1:colcon.colcon_core.package_identification:_identify(src) by extensions ['cmake', 'python']
[0.363s] Level 1:colcon.colcon_core.package_identification:_identify(src) by extension 'cmake'
[0.363s] Level 1:colcon.colcon_core.package_identification:_identify(src) by extension 'python'
[0.363s] Level 1:colcon.colcon_core.package_identification:_identify(src) by extensions ['python_setup_py']
[0.363s] Level 1:colcon.colcon_core.package_identification:_identify(src) by extension 'python_setup_py'
[0.363s] Level 1:colcon.colcon_core.package_identification:_identify(src/aruco_tracker) by extensions ['ignore', 'ignore_ament_install']
[0.364s] Level 1:colcon.colcon_core.package_identification:_identify(src/aruco_tracker) by extension 'ignore'
[0.364s] Level 1:colcon.colcon_core.package_identification:_identify(src/aruco_tracker) by extension 'ignore_ament_install'
[0.364s] Level 1:colcon.colcon_core.package_identification:_identify(src/aruco_tracker) by extensions ['colcon_pkg']
[0.364s] Level 1:colcon.colcon_core.package_identification:_identify(src/aruco_tracker) by extension 'colcon_pkg'
[0.364s] Level 1:colcon.colcon_core.package_identification:_identify(src/aruco_tracker) by extensions ['colcon_meta']
[0.364s] Level 1:colcon.colcon_core.package_identification:_identify(src/aruco_tracker) by extension 'colcon_meta'
[0.364s] Level 1:colcon.colcon_core.package_identification:_identify(src/aruco_tracker) by extensions ['ros']
[0.364s] Level 1:colcon.colcon_core.package_identification:_identify(src/aruco_tracker) by extension 'ros'
[0.367s] DEBUG:colcon.colcon_core.package_identification:Package 'src/aruco_tracker' with type 'ros.ament_cmake' and name 'aruco_tracker'
[0.367s] Level 1:colcon.colcon_core.package_identification:_identify(src/drone_control) by extensions ['ignore', 'ignore_ament_install']
[0.368s] Level 1:colcon.colcon_core.package_identification:_identify(src/drone_control) by extension 'ignore'
[0.368s] Level 1:colcon.colcon_core.package_identification:_identify(src/drone_control) by extension 'ignore_ament_install'
[0.368s] Level 1:colcon.colcon_core.package_identification:_identify(src/drone_control) by extensions ['colcon_pkg']
[0.368s] Level 1:colcon.colcon_core.package_identification:_identify(src/drone_control) by extension 'colcon_pkg'
[0.368s] Level 1:colcon.colcon_core.package_identification:_identify(src/drone_control) by extensions ['colcon_meta']
[0.368s] Level 1:colcon.colcon_core.package_identification:_identify(src/drone_control) by extension 'colcon_meta'
[0.368s] Level 1:colcon.colcon_core.package_identification:_identify(src/drone_control) by extensions ['ros']
[0.368s] Level 1:colcon.colcon_core.package_identification:_identify(src/drone_control) by extension 'ros'
[0.369s] DEBUG:colcon.colcon_core.package_identification:Package 'src/drone_control' with type 'ros.ament_python' and name 'drone_control'
[0.369s] Level 1:colcon.colcon_core.package_identification:_identify(src/vision_opencv) by extensions ['ignore', 'ignore_ament_install']
[0.369s] Level 1:colcon.colcon_core.package_identification:_identify(src/vision_opencv) by extension 'ignore'
[0.369s] Level 1:colcon.colcon_core.package_identification:_identify(src/vision_opencv) by extension 'ignore_ament_install'
[0.369s] Level 1:colcon.colcon_core.package_identification:_identify(src/vision_opencv) by extensions ['colcon_pkg']
[0.369s] Level 1:colcon.colcon_core.package_identification:_identify(src/vision_opencv) by extension 'colcon_pkg'
[0.369s] Level 1:colcon.colcon_core.package_identification:_identify(src/vision_opencv) by extensions ['colcon_meta']
[0.369s] Level 1:colcon.colcon_core.package_identification:_identify(src/vision_opencv) by extension 'colcon_meta'
[0.369s] Level 1:colcon.colcon_core.package_identification:_identify(src/vision_opencv) by extensions ['ros']
[0.369s] Level 1:colcon.colcon_core.package_identification:_identify(src/vision_opencv) by extension 'ros'
[0.369s] Level 1:colcon.colcon_core.package_identification:_identify(src/vision_opencv) by extensions ['cmake', 'python']
[0.369s] Level 1:colcon.colcon_core.package_identification:_identify(src/vision_opencv) by extension 'cmake'
[0.369s] Level 1:colcon.colcon_core.package_identification:_identify(src/vision_opencv) by extension 'python'
[0.369s] Level 1:colcon.colcon_core.package_identification:_identify(src/vision_opencv) by extensions ['python_setup_py']
[0.369s] Level 1:colcon.colcon_core.package_identification:_identify(src/vision_opencv) by extension 'python_setup_py'
[0.370s] Level 1:colcon.colcon_core.package_identification:_identify(src/vision_opencv/cv_bridge) by extensions ['ignore', 'ignore_ament_install']
[0.370s] Level 1:colcon.colcon_core.package_identification:_identify(src/vision_opencv/cv_bridge) by extension 'ignore'
[0.370s] Level 1:colcon.colcon_core.package_identification:_identify(src/vision_opencv/cv_bridge) by extension 'ignore_ament_install'
[0.370s] Level 1:colcon.colcon_core.package_identification:_identify(src/vision_opencv/cv_bridge) by extensions ['colcon_pkg']
[0.370s] Level 1:colcon.colcon_core.package_identification:_identify(src/vision_opencv/cv_bridge) by extension 'colcon_pkg'
[0.370s] Level 1:colcon.colcon_core.package_identification:_identify(src/vision_opencv/cv_bridge) by extensions ['colcon_meta']
[0.370s] Level 1:colcon.colcon_core.package_identification:_identify(src/vision_opencv/cv_bridge) by extension 'colcon_meta'
[0.370s] Level 1:colcon.colcon_core.package_identification:_identify(src/vision_opencv/cv_bridge) by extensions ['ros']
[0.370s] Level 1:colcon.colcon_core.package_identification:_identify(src/vision_opencv/cv_bridge) by extension 'ros'
[0.371s] DEBUG:colcon.colcon_core.package_identification:Package 'src/vision_opencv/cv_bridge' with type 'ros.ament_cmake' and name 'cv_bridge'
[0.371s] Level 1:colcon.colcon_core.package_identification:_identify(src/vision_opencv/image_geometry) by extensions ['ignore', 'ignore_ament_install']
[0.372s] Level 1:colcon.colcon_core.package_identification:_identify(src/vision_opencv/image_geometry) by extension 'ignore'
[0.372s] Level 1:colcon.colcon_core.package_identification:_identify(src/vision_opencv/image_geometry) by extension 'ignore_ament_install'
[0.372s] Level 1:colcon.colcon_core.package_identification:_identify(src/vision_opencv/image_geometry) by extensions ['colcon_pkg']
[0.372s] Level 1:colcon.colcon_core.package_identification:_identify(src/vision_opencv/image_geometry) by extension 'colcon_pkg'
[0.372s] Level 1:colcon.colcon_core.package_identification:_identify(src/vision_opencv/image_geometry) by extensions ['colcon_meta']
[0.372s] Level 1:colcon.colcon_core.package_identification:_identify(src/vision_opencv/image_geometry) by extension 'colcon_meta'
[0.372s] Level 1:colcon.colcon_core.package_identification:_identify(src/vision_opencv/image_geometry) by extensions ['ros']
[0.372s] Level 1:colcon.colcon_core.package_identification:_identify(src/vision_opencv/image_geometry) by extension 'ros'
[0.373s] DEBUG:colcon.colcon_core.package_identification:Package 'src/vision_opencv/image_geometry' with type 'ros.ament_cmake' and name 'image_geometry'
[0.373s] Level 1:colcon.colcon_core.package_identification:_identify(src/vision_opencv/opencv_tests) by extensions ['ignore', 'ignore_ament_install']
[0.373s] Level 1:colcon.colcon_core.package_identification:_identify(src/vision_opencv/opencv_tests) by extension 'ignore'
[0.373s] Level 1:colcon.colcon_core.package_identification:_identify(src/vision_opencv/opencv_tests) by extension 'ignore_ament_install'
[0.373s] Level 1:colcon.colcon_core.package_identification:_identify(src/vision_opencv/opencv_tests) by extensions ['colcon_pkg']
[0.373s] Level 1:colcon.colcon_core.package_identification:_identify(src/vision_opencv/opencv_tests) by extension 'colcon_pkg'
[0.373s] Level 1:colcon.colcon_core.package_identification:_identify(src/vision_opencv/opencv_tests) by extensions ['colcon_meta']
[0.373s] Level 1:colcon.colcon_core.package_identification:_identify(src/vision_opencv/opencv_tests) by extension 'colcon_meta'
[0.373s] Level 1:colcon.colcon_core.package_identification:_identify(src/vision_opencv/opencv_tests) by extensions ['ros']
[0.373s] Level 1:colcon.colcon_core.package_identification:_identify(src/vision_opencv/opencv_tests) by extension 'ros'
[0.374s] DEBUG:colcon.colcon_core.package_identification:Package 'src/vision_opencv/opencv_tests' with type 'ros.ament_python' and name 'opencv_tests'
[0.374s] Level 1:colcon.colcon_core.package_identification:_identify(src/vision_opencv/vision_opencv) by extensions ['ignore', 'ignore_ament_install']
[0.374s] Level 1:colcon.colcon_core.package_identification:_identify(src/vision_opencv/vision_opencv) by extension 'ignore'
[0.374s] Level 1:colcon.colcon_core.package_identification:_identify(src/vision_opencv/vision_opencv) by extension 'ignore_ament_install'
[0.374s] Level 1:colcon.colcon_core.package_identification:_identify(src/vision_opencv/vision_opencv) by extensions ['colcon_pkg']
[0.374s] Level 1:colcon.colcon_core.package_identification:_identify(src/vision_opencv/vision_opencv) by extension 'colcon_pkg'
[0.374s] Level 1:colcon.colcon_core.package_identification:_identify(src/vision_opencv/vision_opencv) by extensions ['colcon_meta']
[0.374s] Level 1:colcon.colcon_core.package_identification:_identify(src/vision_opencv/vision_opencv) by extension 'colcon_meta'
[0.375s] Level 1:colcon.colcon_core.package_identification:_identify(src/vision_opencv/vision_opencv) by extensions ['ros']
[0.375s] Level 1:colcon.colcon_core.package_identification:_identify(src/vision_opencv/vision_opencv) by extension 'ros'
[0.375s] DEBUG:colcon.colcon_core.package_identification:Package 'src/vision_opencv/vision_opencv' with type 'ros.ament_cmake' and name 'vision_opencv'
[0.375s] Level 1:colcon.colcon_core.package_discovery:discover_packages(recursive) using defaults
[0.375s] Level 1:colcon.colcon_core.package_discovery:discover_packages(ignore) discover
[0.375s] Level 1:colcon.colcon_core.package_discovery:discover_packages(ignore) using defaults
[0.375s] Level 1:colcon.colcon_core.package_discovery:discover_packages(path) discover
[0.375s] Level 1:colcon.colcon_core.package_discovery:discover_packages(path) using defaults
[0.417s] INFO:colcon.colcon_core.package_selection:Skipping not selected package 'cv_bridge' in 'src/vision_opencv/cv_bridge'
[0.417s] INFO:colcon.colcon_core.package_selection:Skipping not selected package 'drone_control' in 'src/drone_control'
[0.417s] INFO:colcon.colcon_core.package_selection:Skipping not selected package 'image_geometry' in 'src/vision_opencv/image_geometry'
[0.417s] INFO:colcon.colcon_core.package_selection:Skipping not selected package 'opencv_tests' in 'src/vision_opencv/opencv_tests'
[0.417s] INFO:colcon.colcon_core.package_selection:Skipping not selected package 'vision_opencv' in 'src/vision_opencv/vision_opencv'
[0.418s] Level 1:colcon.colcon_core.package_discovery:discover_packages(prefix_path) check parameters
[0.418s] Level 1:colcon.colcon_core.package_discovery:discover_packages(prefix_path) discover
[0.421s] DEBUG:colcon.colcon_installed_package_information.package_discovery:Found 4 installed packages in /home/chakrapani/drone_files/drone_precise_delivery/ros2_ws/install
[0.421s] DEBUG:colcon.colcon_installed_package_information.package_discovery:Found 1 installed packages in /home/chakrapani/px4_ros_ws/install
[0.423s] DEBUG:colcon.colcon_installed_package_information.package_discovery:Found 335 installed packages in /opt/ros/humble
[0.425s] Level 1:colcon.colcon_core.package_discovery:discover_packages(prefix_path) using defaults
[0.478s] Level 5:colcon.colcon_core.verb:set package 'aruco_tracker' build argument 'cmake_args' from command line to 'None'
[0.478s] Level 5:colcon.colcon_core.verb:set package 'aruco_tracker' build argument 'cmake_target' from command line to 'None'
[0.478s] Level 5:colcon.colcon_core.verb:set package 'aruco_tracker' build argument 'cmake_target_skip_unavailable' from command line to 'False'
[0.478s] Level 5:colcon.colcon_core.verb:set package 'aruco_tracker' build argument 'cmake_clean_cache' from command line to 'False'
[0.478s] Level 5:colcon.colcon_core.verb:set package 'aruco_tracker' build argument 'cmake_clean_first' from command line to 'False'
[0.478s] Level 5:colcon.colcon_core.verb:set package 'aruco_tracker' build argument 'cmake_force_configure' from command line to 'False'
[0.478s] Level 5:colcon.colcon_core.verb:set package 'aruco_tracker' build argument 'ament_cmake_args' from command line to 'None'
[0.478s] Level 5:colcon.colcon_core.verb:set package 'aruco_tracker' build argument 'catkin_cmake_args' from command line to 'None'
[0.478s] Level 5:colcon.colcon_core.verb:set package 'aruco_tracker' build argument 'catkin_skip_building_tests' from command line to 'False'
[0.478s] DEBUG:colcon.colcon_core.verb:Building package 'aruco_tracker' with the following arguments: {'ament_cmake_args': None, 'build_base': '/home/chakrapani/drone_files/drone_precise_delivery/ros2_ws/build/aruco_tracker', 'catkin_cmake_args': None, 'catkin_skip_building_tests': False, 'cmake_args': None, 'cmake_clean_cache': False, 'cmake_clean_first': False, 'cmake_force_configure': False, 'cmake_target': None, 'cmake_target_skip_unavailable': False, 'install_base': '/home/chakrapani/drone_files/drone_precise_delivery/ros2_ws/install/aruco_tracker', 'merge_install': False, 'path': '/home/chakrapani/drone_files/drone_precise_delivery/ros2_ws/src/aruco_tracker', 'symlink_install': False, 'test_result_base': None}
[0.479s] INFO:colcon.colcon_core.executor:Executing jobs using 'parallel' executor
[0.480s] DEBUG:colcon.colcon_parallel_executor.executor.parallel:run_until_complete
[0.480s] INFO:colcon.colcon_ros.task.ament_cmake.build:Building ROS package in '/home/chakrapani/drone_files/drone_precise_delivery/ros2_ws/src/aruco_tracker' with build type 'ament_cmake'
[0.480s] INFO:colcon.colcon_cmake.task.cmake.build:Building CMake package in '/home/chakrapani/drone_files/drone_precise_delivery/ros2_ws/src/aruco_tracker'
[0.483s] INFO:colcon.colcon_core.plugin_system:Skipping extension 'colcon_core.shell.bat': Not used on non-Windows systems
[0.483s] INFO:colcon.colcon_core.shell:Skip shell extension 'powershell' for command environment: Not usable outside of PowerShell
[0.483s] DEBUG:colcon.colcon_core.shell:Skip shell extension 'dsv' for command environment
[0.604s] DEBUG:colcon.colcon_core.event_handler.log_command:Invoking command in '/home/chakrapani/drone_files/drone_precise_delivery/ros2_ws/build/aruco_tracker': CMAKE_PREFIX_PATH=/home/chakrapani/drone_files/drone_precise_delivery/ros2_ws/install/cv_bridge:/home/chakrapani/drone_files/drone_precise_delivery/ros2_ws/install/image_geometry:/home/chakrapani/px4_ros_ws/install/px4_msgs:/home/chakrapani/drone_files/drone_precise_delivery/ros2_ws/install/drone_control:/opt/ros/humble LD_LIBRARY_PATH=/home/chakrapani/drone_files/drone_precise_delivery/ros2_ws/install/cv_bridge/lib:/home/chakrapani/drone_files/drone_precise_delivery/ros2_ws/install/image_geometry/lib:/home/chakrapani/px4_ros_ws/install/px4_msgs/lib:/usr/lib/x86_64-linux-gnu/gazebo-11/plugins:/opt/ros/humble/opt/rviz_ogre_vendor/lib:/opt/ros/humble/lib/x86_64-linux-gnu:/opt/ros/humble/lib /usr/bin/cmake --build /home/chakrapani/drone_files/drone_precise_delivery/ros2_ws/build/aruco_tracker -- -j2 -l2
[0.975s] DEBUG:colcon.colcon_core.event_handler.log_command:Invoked command in '/home/chakrapani/drone_files/drone_precise_delivery/ros2_ws/build/aruco_tracker' returned '2': CMAKE_PREFIX_PATH=/home/chakrapani/drone_files/drone_precise_delivery/ros2_ws/install/cv_bridge:/home/chakrapani/drone_files/drone_precise_delivery/ros2_ws/install/image_geometry:/home/chakrapani/px4_ros_ws/install/px4_msgs:/home/chakrapani/drone_files/drone_precise_delivery/ros2_ws/install/drone_control:/opt/ros/humble LD_LIBRARY_PATH=/home/chakrapani/drone_files/drone_precise_delivery/ros2_ws/install/cv_bridge/lib:/home/chakrapani/drone_files/drone_precise_delivery/ros2_ws/install/image_geometry/lib:/home/chakrapani/px4_ros_ws/install/px4_msgs/lib:/usr/lib/x86_64-linux-gnu/gazebo-11/plugins:/opt/ros/humble/opt/rviz_ogre_vendor/lib:/opt/ros/humble/lib/x86_64-linux-gnu:/opt/ros/humble/lib /usr/bin/cmake --build /home/chakrapani/drone_files/drone_precise_delivery/ros2_ws/build/aruco_tracker -- -j2 -l2
[0.975s] Level 1:colcon.colcon_core.environment:create_environment_scripts_only(aruco_tracker)
[0.978s] Level 1:colcon.colcon_core.environment:checking '/home/chakrapani/drone_files/drone_precise_delivery/ros2_ws/install/aruco_tracker' for CMake module files
[0.978s] Level 1:colcon.colcon_core.environment:checking '/home/chakrapani/drone_files/drone_precise_delivery/ros2_ws/install/aruco_tracker' for CMake config files
[0.979s] Level 1:colcon.colcon_core.environment:checking '/home/chakrapani/drone_files/drone_precise_delivery/ros2_ws/install/aruco_tracker/bin'
[0.979s] Level 1:colcon.colcon_core.environment:checking '/home/chakrapani/drone_files/drone_precise_delivery/ros2_ws/install/aruco_tracker/lib/pkgconfig/aruco_tracker.pc'
[0.979s] Level 1:colcon.colcon_core.environment:checking '/home/chakrapani/drone_files/drone_precise_delivery/ros2_ws/install/aruco_tracker/lib/python3.10/site-packages'
[0.980s] Level 1:colcon.colcon_core.environment:checking '/home/chakrapani/drone_files/drone_precise_delivery/ros2_ws/install/aruco_tracker/bin'
[0.980s] INFO:colcon.colcon_core.shell:Creating package script '/home/chakrapani/drone_files/drone_precise_delivery/ros2_ws/install/aruco_tracker/share/aruco_tracker/package.ps1'
[0.982s] INFO:colcon.colcon_core.shell:Creating package descriptor '/home/chakrapani/drone_files/drone_precise_delivery/ros2_ws/install/aruco_tracker/share/aruco_tracker/package.dsv'
[0.992s] INFO:colcon.colcon_core.shell:Creating package script '/home/chakrapani/drone_files/drone_precise_delivery/ros2_ws/install/aruco_tracker/share/aruco_tracker/package.sh'
[1.003s] INFO:colcon.colcon_core.shell:Creating package script '/home/chakrapani/drone_files/drone_precise_delivery/ros2_ws/install/aruco_tracker/share/aruco_tracker/package.bash'
[1.019s] INFO:colcon.colcon_core.shell:Creating package script '/home/chakrapani/drone_files/drone_precise_delivery/ros2_ws/install/aruco_tracker/share/aruco_tracker/package.zsh'
[1.069s] Level 1:colcon.colcon_core.environment:create_file_with_runtime_dependencies(/home/chakrapani/drone_files/drone_precise_delivery/ros2_ws/install/aruco_tracker/share/colcon-core/packages/aruco_tracker)
[1.099s] DEBUG:colcon.colcon_parallel_executor.executor.parallel:closing loop
[1.100s] DEBUG:colcon.colcon_parallel_executor.executor.parallel:loop closed
[1.100s] DEBUG:colcon.colcon_parallel_executor.executor.parallel:run_until_complete finished with '2'
[1.100s] DEBUG:colcon.colcon_core.event_reactor:joining thread
[1.109s] INFO:colcon.colcon_core.plugin_system:Skipping extension 'colcon_notification.desktop_notification.terminal_notifier': Not used on non-Darwin systems
[1.110s] INFO:colcon.colcon_core.plugin_system:Skipping extension 'colcon_notification.desktop_notification.win32': Not used on non-Windows systems
[1.110s] INFO:colcon.colcon_notification.desktop_notification:Sending desktop notification using 'notify2'
[1.127s] DEBUG:colcon.colcon_core.event_reactor:joined thread
[1.127s] INFO:colcon.colcon_core.shell:Creating prefix script '/home/chakrapani/drone_files/drone_precise_delivery/ros2_ws/install/local_setup.ps1'
[1.154s] INFO:colcon.colcon_core.shell:Creating prefix util module '/home/chakrapani/drone_files/drone_precise_delivery/ros2_ws/install/_local_setup_util_ps1.py'
[1.156s] INFO:colcon.colcon_core.shell:Creating prefix chain script '/home/chakrapani/drone_files/drone_precise_delivery/ros2_ws/install/setup.ps1'
[1.158s] INFO:colcon.colcon_core.shell:Creating prefix script '/home/chakrapani/drone_files/drone_precise_delivery/ros2_ws/install/local_setup.sh'
[1.159s] INFO:colcon.colcon_core.shell:Creating prefix util module '/home/chakrapani/drone_files/drone_precise_delivery/ros2_ws/install/_local_setup_util_sh.py'
[1.167s] INFO:colcon.colcon_core.shell:Creating prefix chain script '/home/chakrapani/drone_files/drone_precise_delivery/ros2_ws/install/setup.sh'
[1.177s] INFO:colcon.colcon_core.shell:Creating prefix script '/home/chakrapani/drone_files/drone_precise_delivery/ros2_ws/install/local_setup.bash'
[1.187s] INFO:colcon.colcon_core.shell:Creating prefix chain script '/home/chakrapani/drone_files/drone_precise_delivery/ros2_ws/install/setup.bash'
[1.222s] INFO:colcon.colcon_core.shell:Creating prefix script '/home/chakrapani/drone_files/drone_precise_delivery/ros2_ws/install/local_setup.zsh'
[1.254s] INFO:colcon.colcon_core.shell:Creating prefix chain script '/home/chakrapani/drone_files/drone_precise_delivery/ros2_ws/install/setup.zsh'
