/home/chakrapani/drone_files/drone_precise_delivery/ros2_ws/install/drone_control/lib/python3.10/site-packages/drone_control/__init__.py
/home/chakrapani/drone_files/drone_precise_delivery/ros2_ws/install/drone_control/lib/python3.10/site-packages/drone_control/geotag_manager_node.py
/home/chakrapani/drone_files/drone_precise_delivery/ros2_ws/install/drone_control/lib/python3.10/site-packages/drone_control/drone_controller_node.py
/home/chakrapani/drone_files/drone_precise_delivery/ros2_ws/install/drone_control/lib/python3.10/site-packages/drone_control/offboard_controller_node.py
/home/chakrapani/drone_files/drone_precise_delivery/ros2_ws/install/drone_control/lib/python3.10/site-packages/drone_control/__pycache__/__init__.cpython-310.pyc
/home/chakrapani/drone_files/drone_precise_delivery/ros2_ws/install/drone_control/lib/python3.10/site-packages/drone_control/__pycache__/geotag_manager_node.cpython-310.pyc
/home/chakrapani/drone_files/drone_precise_delivery/ros2_ws/install/drone_control/lib/python3.10/site-packages/drone_control/__pycache__/drone_controller_node.cpython-310.pyc
/home/chakrapani/drone_files/drone_precise_delivery/ros2_ws/install/drone_control/lib/python3.10/site-packages/drone_control/__pycache__/offboard_controller_node.cpython-310.pyc
/home/chakrapani/drone_files/drone_precise_delivery/ros2_ws/install/drone_control/share/ament_index/resource_index/packages/drone_control
/home/chakrapani/drone_files/drone_precise_delivery/ros2_ws/install/drone_control/share/drone_control/package.xml
/home/chakrapani/drone_files/drone_precise_delivery/ros2_ws/install/drone_control/lib/python3.10/site-packages/drone_control-0.0.0-py3.10.egg-info/zip-safe
/home/chakrapani/drone_files/drone_precise_delivery/ros2_ws/install/drone_control/lib/python3.10/site-packages/drone_control-0.0.0-py3.10.egg-info/top_level.txt
/home/chakrapani/drone_files/drone_precise_delivery/ros2_ws/install/drone_control/lib/python3.10/site-packages/drone_control-0.0.0-py3.10.egg-info/dependency_links.txt
/home/chakrapani/drone_files/drone_precise_delivery/ros2_ws/install/drone_control/lib/python3.10/site-packages/drone_control-0.0.0-py3.10.egg-info/PKG-INFO
/home/chakrapani/drone_files/drone_precise_delivery/ros2_ws/install/drone_control/lib/python3.10/site-packages/drone_control-0.0.0-py3.10.egg-info/requires.txt
/home/chakrapani/drone_files/drone_precise_delivery/ros2_ws/install/drone_control/lib/python3.10/site-packages/drone_control-0.0.0-py3.10.egg-info/entry_points.txt
/home/chakrapani/drone_files/drone_precise_delivery/ros2_ws/install/drone_control/lib/python3.10/site-packages/drone_control-0.0.0-py3.10.egg-info/SOURCES.txt
/home/chakrapani/drone_files/drone_precise_delivery/ros2_ws/install/drone_control/lib/drone_control/drone_controller_node
/home/chakrapani/drone_files/drone_precise_delivery/ros2_ws/install/drone_control/lib/drone_control/geotag_manager_node
/home/chakrapani/drone_files/drone_precise_delivery/ros2_ws/install/drone_control/lib/drone_control/offboard_controller_node
