running egg_info
creating ../../build/marker_tracker/marker_tracker.egg-info
writing ../../build/marker_tracker/marker_tracker.egg-info/PKG-INFO
writing dependency_links to ../../build/marker_tracker/marker_tracker.egg-info/dependency_links.txt
writing entry points to ../../build/marker_tracker/marker_tracker.egg-info/entry_points.txt
writing requirements to ../../build/marker_tracker/marker_tracker.egg-info/requires.txt
writing top-level names to ../../build/marker_tracker/marker_tracker.egg-info/top_level.txt
writing manifest file '../../build/marker_tracker/marker_tracker.egg-info/SOURCES.txt'
reading manifest file '../../build/marker_tracker/marker_tracker.egg-info/SOURCES.txt'
writing manifest file '../../build/marker_tracker/marker_tracker.egg-info/SOURCES.txt'
running build
running build_py
creating /home/chakrapani/drone_files/drone_precise_delivery/ros2_ws/build/marker_tracker/build
creating /home/chakrapani/drone_files/drone_precise_delivery/ros2_ws/build/marker_tracker/build/lib
creating /home/chakrapani/drone_files/drone_precise_delivery/ros2_ws/build/marker_tracker/build/lib/marker_tracker
copying marker_tracker/__init__.py -> /home/chakrapani/drone_files/drone_precise_delivery/ros2_ws/build/marker_tracker/build/lib/marker_tracker
copying marker_tracker/marker_tracker_node.py -> /home/chakrapani/drone_files/drone_precise_delivery/ros2_ws/build/marker_tracker/build/lib/marker_tracker
running install
running install_lib
creating /home/chakrapani/drone_files/drone_precise_delivery/ros2_ws/install/marker_tracker/lib/python3.10/site-packages/marker_tracker
copying /home/chakrapani/drone_files/drone_precise_delivery/ros2_ws/build/marker_tracker/build/lib/marker_tracker/__init__.py -> /home/chakrapani/drone_files/drone_precise_delivery/ros2_ws/install/marker_tracker/lib/python3.10/site-packages/marker_tracker
copying /home/chakrapani/drone_files/drone_precise_delivery/ros2_ws/build/marker_tracker/build/lib/marker_tracker/marker_tracker_node.py -> /home/chakrapani/drone_files/drone_precise_delivery/ros2_ws/install/marker_tracker/lib/python3.10/site-packages/marker_tracker
byte-compiling /home/chakrapani/drone_files/drone_precise_delivery/ros2_ws/install/marker_tracker/lib/python3.10/site-packages/marker_tracker/__init__.py to __init__.cpython-310.pyc
byte-compiling /home/chakrapani/drone_files/drone_precise_delivery/ros2_ws/install/marker_tracker/lib/python3.10/site-packages/marker_tracker/marker_tracker_node.py to marker_tracker_node.cpython-310.pyc
running install_data
creating /home/chakrapani/drone_files/drone_precise_delivery/ros2_ws/install/marker_tracker/share/ament_index
creating /home/chakrapani/drone_files/drone_precise_delivery/ros2_ws/install/marker_tracker/share/ament_index/resource_index
creating /home/chakrapani/drone_files/drone_precise_delivery/ros2_ws/install/marker_tracker/share/ament_index/resource_index/packages
copying resource/marker_tracker -> /home/chakrapani/drone_files/drone_precise_delivery/ros2_ws/install/marker_tracker/share/ament_index/resource_index/packages
copying package.xml -> /home/chakrapani/drone_files/drone_precise_delivery/ros2_ws/install/marker_tracker/share/marker_tracker
running install_egg_info
Copying ../../build/marker_tracker/marker_tracker.egg-info to /home/chakrapani/drone_files/drone_precise_delivery/ros2_ws/install/marker_tracker/lib/python3.10/site-packages/marker_tracker-0.0.0-py3.10.egg-info
running install_scripts
Installing marker_tracker_node script to /home/chakrapani/drone_files/drone_precise_delivery/ros2_ws/install/marker_tracker/lib/marker_tracker
writing list of installed files to '/home/chakrapani/drone_files/drone_precise_delivery/ros2_ws/build/marker_tracker/install.log'
