[1.159s] Invoking command in '/home/chakrapani/drone_files/drone_precise_delivery/ros2_ws/src/marker_tracker': PYTHONPATH=/home/chakrapani/drone_files/drone_precise_delivery/ros2_ws/build/marker_tracker/prefix_override:/usr/lib/python3/dist-packages/colcon_core/task/python/colcon_distutils_commands:/home/chakrapani/drone_files/drone_precise_delivery/ros2_ws/install/marker_tracker/lib/python3.10/site-packages:${PYTHONPATH} /usr/bin/python3 -W ignore:setup.py install is deprecated -W ignore:easy_install command is deprecated setup.py egg_info --egg-base ../../build/marker_tracker build --build-base /home/chakrapani/drone_files/drone_precise_delivery/ros2_ws/build/marker_tracker/build install --record /home/chakrapani/drone_files/drone_precise_delivery/ros2_ws/build/marker_tracker/install.log --single-version-externally-managed install_data
[1.469s] running egg_info
[1.471s] creating ../../build/marker_tracker/marker_tracker.egg-info
[1.471s] writing ../../build/marker_tracker/marker_tracker.egg-info/PKG-INFO
[1.471s] writing dependency_links to ../../build/marker_tracker/marker_tracker.egg-info/dependency_links.txt
[1.471s] writing entry points to ../../build/marker_tracker/marker_tracker.egg-info/entry_points.txt
[1.471s] writing requirements to ../../build/marker_tracker/marker_tracker.egg-info/requires.txt
[1.471s] writing top-level names to ../../build/marker_tracker/marker_tracker.egg-info/top_level.txt
[1.474s] writing manifest file '../../build/marker_tracker/marker_tracker.egg-info/SOURCES.txt'
[1.474s] reading manifest file '../../build/marker_tracker/marker_tracker.egg-info/SOURCES.txt'
[1.477s] writing manifest file '../../build/marker_tracker/marker_tracker.egg-info/SOURCES.txt'
[1.477s] running build
[1.478s] running build_py
[1.478s] creating /home/chakrapani/drone_files/drone_precise_delivery/ros2_ws/build/marker_tracker/build
[1.478s] creating /home/chakrapani/drone_files/drone_precise_delivery/ros2_ws/build/marker_tracker/build/lib
[1.478s] creating /home/chakrapani/drone_files/drone_precise_delivery/ros2_ws/build/marker_tracker/build/lib/marker_tracker
[1.478s] copying marker_tracker/__init__.py -> /home/chakrapani/drone_files/drone_precise_delivery/ros2_ws/build/marker_tracker/build/lib/marker_tracker
[1.478s] copying marker_tracker/marker_tracker_node.py -> /home/chakrapani/drone_files/drone_precise_delivery/ros2_ws/build/marker_tracker/build/lib/marker_tracker
[1.478s] running install
[1.478s] running install_lib
[1.479s] creating /home/chakrapani/drone_files/drone_precise_delivery/ros2_ws/install/marker_tracker/lib/python3.10/site-packages/marker_tracker
[1.479s] copying /home/chakrapani/drone_files/drone_precise_delivery/ros2_ws/build/marker_tracker/build/lib/marker_tracker/__init__.py -> /home/chakrapani/drone_files/drone_precise_delivery/ros2_ws/install/marker_tracker/lib/python3.10/site-packages/marker_tracker
[1.479s] copying /home/chakrapani/drone_files/drone_precise_delivery/ros2_ws/build/marker_tracker/build/lib/marker_tracker/marker_tracker_node.py -> /home/chakrapani/drone_files/drone_precise_delivery/ros2_ws/install/marker_tracker/lib/python3.10/site-packages/marker_tracker
[1.481s] byte-compiling /home/chakrapani/drone_files/drone_precise_delivery/ros2_ws/install/marker_tracker/lib/python3.10/site-packages/marker_tracker/__init__.py to __init__.cpython-310.pyc
[1.481s] byte-compiling /home/chakrapani/drone_files/drone_precise_delivery/ros2_ws/install/marker_tracker/lib/python3.10/site-packages/marker_tracker/marker_tracker_node.py to marker_tracker_node.cpython-310.pyc
[1.482s] running install_data
[1.482s] creating /home/chakrapani/drone_files/drone_precise_delivery/ros2_ws/install/marker_tracker/share/ament_index
[1.482s] creating /home/chakrapani/drone_files/drone_precise_delivery/ros2_ws/install/marker_tracker/share/ament_index/resource_index
[1.483s] creating /home/chakrapani/drone_files/drone_precise_delivery/ros2_ws/install/marker_tracker/share/ament_index/resource_index/packages
[1.483s] copying resource/marker_tracker -> /home/chakrapani/drone_files/drone_precise_delivery/ros2_ws/install/marker_tracker/share/ament_index/resource_index/packages
[1.483s] copying package.xml -> /home/chakrapani/drone_files/drone_precise_delivery/ros2_ws/install/marker_tracker/share/marker_tracker
[1.483s] running install_egg_info
[1.486s] Copying ../../build/marker_tracker/marker_tracker.egg-info to /home/chakrapani/drone_files/drone_precise_delivery/ros2_ws/install/marker_tracker/lib/python3.10/site-packages/marker_tracker-0.0.0-py3.10.egg-info
[1.487s] running install_scripts
[1.515s] Installing marker_tracker_node script to /home/chakrapani/drone_files/drone_precise_delivery/ros2_ws/install/marker_tracker/lib/marker_tracker
[1.516s] writing list of installed files to '/home/chakrapani/drone_files/drone_precise_delivery/ros2_ws/build/marker_tracker/install.log'
[1.563s] Invoked command in '/home/chakrapani/drone_files/drone_precise_delivery/ros2_ws/src/marker_tracker' returned '0': PYTHONPATH=/home/chakrapani/drone_files/drone_precise_delivery/ros2_ws/build/marker_tracker/prefix_override:/usr/lib/python3/dist-packages/colcon_core/task/python/colcon_distutils_commands:/home/chakrapani/drone_files/drone_precise_delivery/ros2_ws/install/marker_tracker/lib/python3.10/site-packages:${PYTHONPATH} /usr/bin/python3 -W ignore:setup.py install is deprecated -W ignore:easy_install command is deprecated setup.py egg_info --egg-base ../../build/marker_tracker build --build-base /home/chakrapani/drone_files/drone_precise_delivery/ros2_ws/build/marker_tracker/build install --record /home/chakrapani/drone_files/drone_precise_delivery/ros2_ws/build/marker_tracker/install.log --single-version-externally-managed install_data
