[0.339s] Invoking command in '/home/chakrapani/drone_files/drone_precise_delivery/ros2_ws/build/aruco_tracker': CMAKE_PREFIX_PATH=/home/chakrapani/drone_files/drone_precise_delivery/ros2_ws/install/cv_bridge:/home/chakrapani/drone_files/drone_precise_delivery/ros2_ws/install/image_geometry:/home/chakrapani/px4_ros_ws/install/px4_msgs:/home/chakrapani/drone_files/drone_precise_delivery/ros2_ws/install/drone_control:/opt/ros/humble LD_LIBRARY_PATH=/home/chakrapani/drone_files/drone_precise_delivery/ros2_ws/install/cv_bridge/lib:/home/chakrapani/drone_files/drone_precise_delivery/ros2_ws/install/image_geometry/lib:/home/chakrapani/px4_ros_ws/install/px4_msgs/lib:/usr/lib/x86_64-linux-gnu/gazebo-11/plugins:/opt/ros/humble/opt/rviz_ogre_vendor/lib:/opt/ros/humble/lib/x86_64-linux-gnu:/opt/ros/humble/lib /usr/bin/cmake --build /home/chakrapani/drone_files/drone_precise_delivery/ros2_ws/build/aruco_tracker -- -j2 -l2
[0.369s] -- Found eigen3_cmake_module: 0.1.1 (/opt/ros/humble/share/eigen3_cmake_module/cmake)
[0.370s] -- Found ament_cmake: 1.3.11 (/opt/ros/humble/share/ament_cmake/cmake)
[0.541s] -- Found rclcpp: 16.0.11 (/opt/ros/humble/share/rclcpp/cmake)
[0.579s] -- Found rosidl_generator_c: 3.1.6 (/opt/ros/humble/share/rosidl_generator_c/cmake)
[0.584s] -- Found rosidl_adapter: 3.1.6 (/opt/ros/humble/share/rosidl_adapter/cmake)
[0.592s] -- Found rosidl_generator_cpp: 3.1.6 (/opt/ros/humble/share/rosidl_generator_cpp/cmake)
[0.601s] -- Using all available rosidl_typesupport_c: rosidl_typesupport_fastrtps_c;rosidl_typesupport_introspection_c
[0.617s] -- Using all available rosidl_typesupport_cpp: rosidl_typesupport_fastrtps_cpp;rosidl_typesupport_introspection_cpp
[0.657s] -- Found rmw_implementation_cmake: 6.1.2 (/opt/ros/humble/share/rmw_implementation_cmake/cmake)
[0.658s] -- Found rmw_fastrtps_cpp: 6.2.7 (/opt/ros/humble/share/rmw_fastrtps_cpp/cmake)
[0.795s] -- Using RMW implementation 'rmw_fastrtps_cpp' as default
[0.856s] -- Found px4_msgs: 2.0.1 (/home/chakrapani/px4_ros_ws/install/px4_msgs/share/px4_msgs/cmake)
[0.871s] -- Found sensor_msgs: 4.2.4 (/opt/ros/humble/share/sensor_msgs/cmake)
[0.911s] -- Found cv_bridge: 3.2.1 (/opt/ros/humble/share/cv_bridge/cmake)
[0.932s] [31mCMake Error at /opt/ros/humble/share/ament_cmake_target_dependencies/cmake/ament_target_dependencies.cmake:42 (message):
[0.933s]   ament_target_dependencies() the first argument must be a valid target name
[0.933s] Call Stack (most recent call first):
[0.933s]   CMakeLists.txt:29 (ament_target_dependencies)
[0.933s] 
[0.933s] [0m
[0.934s] -- Configuring incomplete, errors occurred!
[0.934s] See also "/home/chakrapani/drone_files/drone_precise_delivery/ros2_ws/build/aruco_tracker/CMakeFiles/CMakeOutput.log".
[0.943s] gmake: *** [Makefile:267: cmake_check_build_system] Error 1
[0.947s] Invoked command in '/home/chakrapani/drone_files/drone_precise_delivery/ros2_ws/build/aruco_tracker' returned '2': CMAKE_PREFIX_PATH=/home/chakrapani/drone_files/drone_precise_delivery/ros2_ws/install/cv_bridge:/home/chakrapani/drone_files/drone_precise_delivery/ros2_ws/install/image_geometry:/home/chakrapani/px4_ros_ws/install/px4_msgs:/home/chakrapani/drone_files/drone_precise_delivery/ros2_ws/install/drone_control:/opt/ros/humble LD_LIBRARY_PATH=/home/chakrapani/drone_files/drone_precise_delivery/ros2_ws/install/cv_bridge/lib:/home/chakrapani/drone_files/drone_precise_delivery/ros2_ws/install/image_geometry/lib:/home/chakrapani/px4_ros_ws/install/px4_msgs/lib:/usr/lib/x86_64-linux-gnu/gazebo-11/plugins:/opt/ros/humble/opt/rviz_ogre_vendor/lib:/opt/ros/humble/lib/x86_64-linux-gnu:/opt/ros/humble/lib /usr/bin/cmake --build /home/chakrapani/drone_files/drone_precise_delivery/ros2_ws/build/aruco_tracker -- -j2 -l2
