[0.020s] Invoking command in '/home/chakrapani/drone_files/drone_precise_delivery/ros2_ws/build/cv_bridge': CMAKE_PREFIX_PATH=${CMAKE_PREFIX_PATH}:/home/chakrapani/drone_files/drone_precise_delivery/ros2_ws/install/drone_control:/opt/ros/humble /usr/bin/cmake --build /home/chakrapani/drone_files/drone_precise_delivery/ros2_ws/build/cv_bridge -- -j2 -l2
[0.115s] [35m[1mConsolidate compiler generated dependencies of target cv_bridge[0m
[0.140s] [ 22%] Built target cv_bridge
[0.160s] [ 22%] Built target ament_cmake_python_copy_cv_bridge
[0.163s] [35m[1mConsolidate compiler generated dependencies of target gtest_main[0m
[0.175s] [35m[1mConsolidate compiler generated dependencies of target gtest[0m
[0.195s] [ 33%] Built target gtest_main
[0.212s] [ 44%] Built target gtest
[0.242s] [35m[1mConsolidate compiler generated dependencies of target cv_bridge_boost[0m
[0.300s] [ 61%] Built target cv_bridge_boost
[0.335s] [35m[1mConsolidate compiler generated dependencies of target cv_bridge-utest[0m
[0.386s] [100%] Built target cv_bridge-utest
[0.582s] running egg_info
[0.583s] writing cv_bridge.egg-info/PKG-INFO
[0.583s] writing dependency_links to cv_bridge.egg-info/dependency_links.txt
[0.583s] writing top-level names to cv_bridge.egg-info/top_level.txt
[0.587s] reading manifest file 'cv_bridge.egg-info/SOURCES.txt'
[0.587s] writing manifest file 'cv_bridge.egg-info/SOURCES.txt'
[0.632s] [100%] Built target ament_cmake_python_build_cv_bridge_egg
[0.646s] Invoked command in '/home/chakrapani/drone_files/drone_precise_delivery/ros2_ws/build/cv_bridge' returned '0': CMAKE_PREFIX_PATH=${CMAKE_PREFIX_PATH}:/home/chakrapani/drone_files/drone_precise_delivery/ros2_ws/install/drone_control:/opt/ros/humble /usr/bin/cmake --build /home/chakrapani/drone_files/drone_precise_delivery/ros2_ws/build/cv_bridge -- -j2 -l2
[0.658s] Invoking command in '/home/chakrapani/drone_files/drone_precise_delivery/ros2_ws/build/cv_bridge': CMAKE_PREFIX_PATH=${CMAKE_PREFIX_PATH}:/home/chakrapani/drone_files/drone_precise_delivery/ros2_ws/install/drone_control:/opt/ros/humble /usr/bin/cmake --install /home/chakrapani/drone_files/drone_precise_delivery/ros2_ws/build/cv_bridge
[0.669s] -- Install configuration: ""
[0.669s] -- Up-to-date: /home/chakrapani/drone_files/drone_precise_delivery/ros2_ws/install/cv_bridge/share/cv_bridge/environment/pythonpath.sh
[0.669s] -- Up-to-date: /home/chakrapani/drone_files/drone_precise_delivery/ros2_ws/install/cv_bridge/share/cv_bridge/environment/pythonpath.dsv
[0.671s] -- Up-to-date: /home/chakrapani/drone_files/drone_precise_delivery/ros2_ws/install/cv_bridge/local/lib/python3.10/dist-packages/cv_bridge-4.1.0-py3.10.egg-info
[0.671s] -- Installing: /home/chakrapani/drone_files/drone_precise_delivery/ros2_ws/install/cv_bridge/local/lib/python3.10/dist-packages/cv_bridge-4.1.0-py3.10.egg-info/top_level.txt
[0.671s] -- Installing: /home/chakrapani/drone_files/drone_precise_delivery/ros2_ws/install/cv_bridge/local/lib/python3.10/dist-packages/cv_bridge-4.1.0-py3.10.egg-info/dependency_links.txt
[0.671s] -- Installing: /home/chakrapani/drone_files/drone_precise_delivery/ros2_ws/install/cv_bridge/local/lib/python3.10/dist-packages/cv_bridge-4.1.0-py3.10.egg-info/PKG-INFO
[0.671s] -- Installing: /home/chakrapani/drone_files/drone_precise_delivery/ros2_ws/install/cv_bridge/local/lib/python3.10/dist-packages/cv_bridge-4.1.0-py3.10.egg-info/SOURCES.txt
[0.673s] -- Up-to-date: /home/chakrapani/drone_files/drone_precise_delivery/ros2_ws/install/cv_bridge/local/lib/python3.10/dist-packages/cv_bridge
[0.673s] -- Up-to-date: /home/chakrapani/drone_files/drone_precise_delivery/ros2_ws/install/cv_bridge/local/lib/python3.10/dist-packages/cv_bridge/__init__.py
[0.673s] -- Up-to-date: /home/chakrapani/drone_files/drone_precise_delivery/ros2_ws/install/cv_bridge/local/lib/python3.10/dist-packages/cv_bridge/core.py
[0.714s] Listing '/home/chakrapani/drone_files/drone_precise_delivery/ros2_ws/install/cv_bridge/local/lib/python3.10/dist-packages/cv_bridge'...
[0.716s] Listing '/home/chakrapani/drone_files/drone_precise_delivery/ros2_ws/install/cv_bridge/local/lib/python3.10/dist-packages/cv_bridge/boost'...
[0.722s] -- Up-to-date: /home/chakrapani/drone_files/drone_precise_delivery/ros2_ws/install/cv_bridge/lib/libcv_bridge.so
[0.723s] -- Up-to-date: /home/chakrapani/drone_files/drone_precise_delivery/ros2_ws/install/cv_bridge/include/cv_bridge/cv_bridge/cv_bridge_export.h
[0.723s] -- Up-to-date: /home/chakrapani/drone_files/drone_precise_delivery/ros2_ws/install/cv_bridge/local/lib/python3.10/dist-packages/cv_bridge/boost/cv_bridge_boost.so
[0.724s] -- Up-to-date: /home/chakrapani/drone_files/drone_precise_delivery/ros2_ws/install/cv_bridge/include/cv_bridge
[0.724s] -- Up-to-date: /home/chakrapani/drone_files/drone_precise_delivery/ros2_ws/install/cv_bridge/include/cv_bridge/cv_bridge
[0.725s] -- Up-to-date: /home/chakrapani/drone_files/drone_precise_delivery/ros2_ws/install/cv_bridge/include/cv_bridge/cv_bridge/cv_mat_sensor_msgs_image_type_adapter.hpp
[0.725s] -- Up-to-date: /home/chakrapani/drone_files/drone_precise_delivery/ros2_ws/install/cv_bridge/include/cv_bridge/cv_bridge/cv_bridge.hpp
[0.725s] -- Up-to-date: /home/chakrapani/drone_files/drone_precise_delivery/ros2_ws/install/cv_bridge/include/cv_bridge/cv_bridge/rgb_colors.hpp
[0.725s] -- Up-to-date: /home/chakrapani/drone_files/drone_precise_delivery/ros2_ws/install/cv_bridge/include/cv_bridge/cv_bridge/visibility_control.h
[0.725s] -- Up-to-date: /home/chakrapani/drone_files/drone_precise_delivery/ros2_ws/install/cv_bridge/lib/libcv_bridge.so
[0.726s] -- Up-to-date: /home/chakrapani/drone_files/drone_precise_delivery/ros2_ws/install/cv_bridge/share/ament_index/resource_index/package_run_dependencies/cv_bridge
[0.726s] -- Up-to-date: /home/chakrapani/drone_files/drone_precise_delivery/ros2_ws/install/cv_bridge/share/ament_index/resource_index/parent_prefix_path/cv_bridge
[0.726s] -- Up-to-date: /home/chakrapani/drone_files/drone_precise_delivery/ros2_ws/install/cv_bridge/share/cv_bridge/environment/ament_prefix_path.sh
[0.727s] -- Up-to-date: /home/chakrapani/drone_files/drone_precise_delivery/ros2_ws/install/cv_bridge/share/cv_bridge/environment/ament_prefix_path.dsv
[0.727s] -- Up-to-date: /home/chakrapani/drone_files/drone_precise_delivery/ros2_ws/install/cv_bridge/share/cv_bridge/environment/path.sh
[0.727s] -- Up-to-date: /home/chakrapani/drone_files/drone_precise_delivery/ros2_ws/install/cv_bridge/share/cv_bridge/environment/path.dsv
[0.727s] -- Up-to-date: /home/chakrapani/drone_files/drone_precise_delivery/ros2_ws/install/cv_bridge/share/cv_bridge/local_setup.bash
[0.727s] -- Up-to-date: /home/chakrapani/drone_files/drone_precise_delivery/ros2_ws/install/cv_bridge/share/cv_bridge/local_setup.sh
[0.727s] -- Up-to-date: /home/chakrapani/drone_files/drone_precise_delivery/ros2_ws/install/cv_bridge/share/cv_bridge/local_setup.zsh
[0.732s] -- Up-to-date: /home/chakrapani/drone_files/drone_precise_delivery/ros2_ws/install/cv_bridge/share/cv_bridge/local_setup.dsv
[0.732s] -- Installing: /home/chakrapani/drone_files/drone_precise_delivery/ros2_ws/install/cv_bridge/share/cv_bridge/package.dsv
[0.732s] -- Up-to-date: /home/chakrapani/drone_files/drone_precise_delivery/ros2_ws/install/cv_bridge/share/ament_index/resource_index/packages/cv_bridge
[0.732s] -- Up-to-date: /home/chakrapani/drone_files/drone_precise_delivery/ros2_ws/install/cv_bridge/share/cv_bridge/cmake/export_cv_bridgeExport.cmake
[0.732s] -- Up-to-date: /home/chakrapani/drone_files/drone_precise_delivery/ros2_ws/install/cv_bridge/share/cv_bridge/cmake/export_cv_bridgeExport-noconfig.cmake
[0.732s] -- Up-to-date: /home/chakrapani/drone_files/drone_precise_delivery/ros2_ws/install/cv_bridge/share/cv_bridge/cmake/cv_bridge-extras.cmake
[0.733s] -- Up-to-date: /home/chakrapani/drone_files/drone_precise_delivery/ros2_ws/install/cv_bridge/share/cv_bridge/cmake/ament_cmake_export_dependencies-extras.cmake
[0.733s] -- Up-to-date: /home/chakrapani/drone_files/drone_precise_delivery/ros2_ws/install/cv_bridge/share/cv_bridge/cmake/ament_cmake_export_targets-extras.cmake
[0.733s] -- Up-to-date: /home/chakrapani/drone_files/drone_precise_delivery/ros2_ws/install/cv_bridge/share/cv_bridge/cmake/cv_bridgeConfig.cmake
[0.733s] -- Up-to-date: /home/chakrapani/drone_files/drone_precise_delivery/ros2_ws/install/cv_bridge/share/cv_bridge/cmake/cv_bridgeConfig-version.cmake
[0.733s] -- Up-to-date: /home/chakrapani/drone_files/drone_precise_delivery/ros2_ws/install/cv_bridge/share/cv_bridge/package.xml
[0.736s] Invoked command in '/home/chakrapani/drone_files/drone_precise_delivery/ros2_ws/build/cv_bridge' returned '0': CMAKE_PREFIX_PATH=${CMAKE_PREFIX_PATH}:/home/chakrapani/drone_files/drone_precise_delivery/ros2_ws/install/drone_control:/opt/ros/humble /usr/bin/cmake --install /home/chakrapani/drone_files/drone_precise_delivery/ros2_ws/build/cv_bridge
