[0.233s] DEBUG:colcon:Command line arguments: ['/usr/bin/colcon', 'build']
[0.234s] DEBUG:colcon:Parsed command line arguments: Namespace(log_base=None, log_level=None, verb_name='build', build_base='build', install_base='install', merge_install=False, symlink_install=False, test_result_base=None, continue_on_error=False, executor='parallel', parallel_workers=2, event_handlers=None, ignore_user_meta=False, metas=['./colcon.meta'], base_paths=['.'], packages_ignore=None, packages_ignore_regex=None, paths=None, packages_up_to=None, packages_up_to_regex=None, packages_above=None, packages_above_and_dependencies=None, packages_above_depth=None, packages_select_by_dep=None, packages_skip_by_dep=None, packages_skip_up_to=None, packages_select_build_failed=False, packages_skip_build_finished=False, packages_select_test_failures=False, packages_skip_test_passed=False, packages_select=None, packages_skip=None, packages_select_regex=None, packages_skip_regex=None, packages_start=None, packages_end=None, allow_overriding=[], cmake_args=None, cmake_target=None, cmake_target_skip_unavailable=False, cmake_clean_cache=False, cmake_clean_first=False, cmake_force_configure=False, ament_cmake_args=None, catkin_cmake_args=None, catkin_skip_building_tests=False, mixin_files=None, mixin=None, verb_parser=<colcon_mixin.mixin.mixin_argument.MixinArgumentDecorator object at 0x7ae74e85e950>, verb_extension=<colcon_core.verb.build.BuildVerb object at 0x7ae74e923be0>, main=<bound method BuildVerb.main of <colcon_core.verb.build.BuildVerb object at 0x7ae74e923be0>>, mixin_verb=('build',))
[0.593s] Level 1:colcon.colcon_core.package_discovery:discover_packages(colcon_meta) check parameters
[0.594s] Level 1:colcon.colcon_core.package_discovery:discover_packages(recursive) check parameters
[0.594s] Level 1:colcon.colcon_core.package_discovery:discover_packages(ignore) check parameters
[0.594s] Level 1:colcon.colcon_core.package_discovery:discover_packages(path) check parameters
[0.594s] Level 1:colcon.colcon_core.package_discovery:discover_packages(colcon_meta) discover
[0.594s] Level 1:colcon.colcon_core.package_discovery:discover_packages(recursive) discover
[0.595s] INFO:colcon.colcon_core.package_discovery:Crawling recursively for packages in '/home/chakrapani/drone_files/drone_precise_delivery/ros2_ws'
[0.595s] Level 1:colcon.colcon_core.package_identification:_identify(.) by extensions ['ignore', 'ignore_ament_install']
[0.595s] Level 1:colcon.colcon_core.package_identification:_identify(.) by extension 'ignore'
[0.595s] Level 1:colcon.colcon_core.package_identification:_identify(.) by extension 'ignore_ament_install'
[0.595s] Level 1:colcon.colcon_core.package_identification:_identify(.) by extensions ['colcon_pkg']
[0.595s] Level 1:colcon.colcon_core.package_identification:_identify(.) by extension 'colcon_pkg'
[0.595s] Level 1:colcon.colcon_core.package_identification:_identify(.) by extensions ['colcon_meta']
[0.596s] Level 1:colcon.colcon_core.package_identification:_identify(.) by extension 'colcon_meta'
[0.596s] Level 1:colcon.colcon_core.package_identification:_identify(.) by extensions ['ros']
[0.596s] Level 1:colcon.colcon_core.package_identification:_identify(.) by extension 'ros'
[0.614s] Level 1:colcon.colcon_core.package_identification:_identify(.) by extensions ['cmake', 'python']
[0.614s] Level 1:colcon.colcon_core.package_identification:_identify(.) by extension 'cmake'
[0.614s] Level 1:colcon.colcon_core.package_identification:_identify(.) by extension 'python'
[0.614s] Level 1:colcon.colcon_core.package_identification:_identify(.) by extensions ['python_setup_py']
[0.614s] Level 1:colcon.colcon_core.package_identification:_identify(.) by extension 'python_setup_py'
[0.614s] Level 1:colcon.colcon_core.package_identification:_identify(build) by extensions ['ignore', 'ignore_ament_install']
[0.614s] Level 1:colcon.colcon_core.package_identification:_identify(build) by extension 'ignore'
[0.614s] Level 1:colcon.colcon_core.package_identification:_identify(build) ignored
[0.614s] Level 1:colcon.colcon_core.package_identification:_identify(install) by extensions ['ignore', 'ignore_ament_install']
[0.614s] Level 1:colcon.colcon_core.package_identification:_identify(install) by extension 'ignore'
[0.615s] Level 1:colcon.colcon_core.package_identification:_identify(install) ignored
[0.615s] Level 1:colcon.colcon_core.package_identification:_identify(log) by extensions ['ignore', 'ignore_ament_install']
[0.615s] Level 1:colcon.colcon_core.package_identification:_identify(log) by extension 'ignore'
[0.615s] Level 1:colcon.colcon_core.package_identification:_identify(log) ignored
[0.615s] Level 1:colcon.colcon_core.package_identification:_identify(src) by extensions ['ignore', 'ignore_ament_install']
[0.615s] Level 1:colcon.colcon_core.package_identification:_identify(src) by extension 'ignore'
[0.615s] Level 1:colcon.colcon_core.package_identification:_identify(src) by extension 'ignore_ament_install'
[0.615s] Level 1:colcon.colcon_core.package_identification:_identify(src) by extensions ['colcon_pkg']
[0.615s] Level 1:colcon.colcon_core.package_identification:_identify(src) by extension 'colcon_pkg'
[0.615s] Level 1:colcon.colcon_core.package_identification:_identify(src) by extensions ['colcon_meta']
[0.615s] Level 1:colcon.colcon_core.package_identification:_identify(src) by extension 'colcon_meta'
[0.615s] Level 1:colcon.colcon_core.package_identification:_identify(src) by extensions ['ros']
[0.615s] Level 1:colcon.colcon_core.package_identification:_identify(src) by extension 'ros'
[0.615s] Level 1:colcon.colcon_core.package_identification:_identify(src) by extensions ['cmake', 'python']
[0.615s] Level 1:colcon.colcon_core.package_identification:_identify(src) by extension 'cmake'
[0.615s] Level 1:colcon.colcon_core.package_identification:_identify(src) by extension 'python'
[0.616s] Level 1:colcon.colcon_core.package_identification:_identify(src) by extensions ['python_setup_py']
[0.616s] Level 1:colcon.colcon_core.package_identification:_identify(src) by extension 'python_setup_py'
[0.616s] Level 1:colcon.colcon_core.package_identification:_identify(src/drone_control) by extensions ['ignore', 'ignore_ament_install']
[0.616s] Level 1:colcon.colcon_core.package_identification:_identify(src/drone_control) by extension 'ignore'
[0.616s] Level 1:colcon.colcon_core.package_identification:_identify(src/drone_control) by extension 'ignore_ament_install'
[0.616s] Level 1:colcon.colcon_core.package_identification:_identify(src/drone_control) by extensions ['colcon_pkg']
[0.616s] Level 1:colcon.colcon_core.package_identification:_identify(src/drone_control) by extension 'colcon_pkg'
[0.616s] Level 1:colcon.colcon_core.package_identification:_identify(src/drone_control) by extensions ['colcon_meta']
[0.616s] Level 1:colcon.colcon_core.package_identification:_identify(src/drone_control) by extension 'colcon_meta'
[0.616s] Level 1:colcon.colcon_core.package_identification:_identify(src/drone_control) by extensions ['ros']
[0.616s] Level 1:colcon.colcon_core.package_identification:_identify(src/drone_control) by extension 'ros'
[0.619s] DEBUG:colcon.colcon_core.package_identification:Package 'src/drone_control' with type 'ros.ament_python' and name 'drone_control'
[0.619s] Level 1:colcon.colcon_core.package_identification:_identify(src/marker_tracker) by extensions ['ignore', 'ignore_ament_install']
[0.619s] Level 1:colcon.colcon_core.package_identification:_identify(src/marker_tracker) by extension 'ignore'
[0.619s] Level 1:colcon.colcon_core.package_identification:_identify(src/marker_tracker) by extension 'ignore_ament_install'
[0.619s] Level 1:colcon.colcon_core.package_identification:_identify(src/marker_tracker) by extensions ['colcon_pkg']
[0.619s] Level 1:colcon.colcon_core.package_identification:_identify(src/marker_tracker) by extension 'colcon_pkg'
[0.620s] Level 1:colcon.colcon_core.package_identification:_identify(src/marker_tracker) by extensions ['colcon_meta']
[0.620s] Level 1:colcon.colcon_core.package_identification:_identify(src/marker_tracker) by extension 'colcon_meta'
[0.620s] Level 1:colcon.colcon_core.package_identification:_identify(src/marker_tracker) by extensions ['ros']
[0.620s] Level 1:colcon.colcon_core.package_identification:_identify(src/marker_tracker) by extension 'ros'
[0.621s] DEBUG:colcon.colcon_core.package_identification:Package 'src/marker_tracker' with type 'ros.ament_python' and name 'marker_tracker'
[0.621s] Level 1:colcon.colcon_core.package_discovery:discover_packages(recursive) using defaults
[0.621s] Level 1:colcon.colcon_core.package_discovery:discover_packages(ignore) discover
[0.621s] Level 1:colcon.colcon_core.package_discovery:discover_packages(ignore) using defaults
[0.621s] Level 1:colcon.colcon_core.package_discovery:discover_packages(path) discover
[0.621s] Level 1:colcon.colcon_core.package_discovery:discover_packages(path) using defaults
[0.707s] Level 1:colcon.colcon_core.package_discovery:discover_packages(prefix_path) check parameters
[0.708s] Level 1:colcon.colcon_core.package_discovery:discover_packages(prefix_path) discover
[0.714s] DEBUG:colcon.colcon_installed_package_information.package_discovery:Found 5 installed packages in /home/chakrapani/drone_files/drone_precise_delivery/ros2_ws/install
[0.715s] DEBUG:colcon.colcon_installed_package_information.package_discovery:Found 1 installed packages in /home/chakrapani/px4_ros_ws/install
[0.718s] DEBUG:colcon.colcon_installed_package_information.package_discovery:Found 335 installed packages in /opt/ros/humble
[0.721s] Level 1:colcon.colcon_core.package_discovery:discover_packages(prefix_path) using defaults
[0.798s] Level 5:colcon.colcon_core.verb:set package 'drone_control' build argument 'cmake_args' from command line to 'None'
[0.798s] Level 5:colcon.colcon_core.verb:set package 'drone_control' build argument 'cmake_target' from command line to 'None'
[0.798s] Level 5:colcon.colcon_core.verb:set package 'drone_control' build argument 'cmake_target_skip_unavailable' from command line to 'False'
[0.798s] Level 5:colcon.colcon_core.verb:set package 'drone_control' build argument 'cmake_clean_cache' from command line to 'False'
[0.799s] Level 5:colcon.colcon_core.verb:set package 'drone_control' build argument 'cmake_clean_first' from command line to 'False'
[0.799s] Level 5:colcon.colcon_core.verb:set package 'drone_control' build argument 'cmake_force_configure' from command line to 'False'
[0.799s] Level 5:colcon.colcon_core.verb:set package 'drone_control' build argument 'ament_cmake_args' from command line to 'None'
[0.799s] Level 5:colcon.colcon_core.verb:set package 'drone_control' build argument 'catkin_cmake_args' from command line to 'None'
[0.799s] Level 5:colcon.colcon_core.verb:set package 'drone_control' build argument 'catkin_skip_building_tests' from command line to 'False'
[0.799s] DEBUG:colcon.colcon_core.verb:Building package 'drone_control' with the following arguments: {'ament_cmake_args': None, 'build_base': '/home/chakrapani/drone_files/drone_precise_delivery/ros2_ws/build/drone_control', 'catkin_cmake_args': None, 'catkin_skip_building_tests': False, 'cmake_args': None, 'cmake_clean_cache': False, 'cmake_clean_first': False, 'cmake_force_configure': False, 'cmake_target': None, 'cmake_target_skip_unavailable': False, 'install_base': '/home/chakrapani/drone_files/drone_precise_delivery/ros2_ws/install/drone_control', 'merge_install': False, 'path': '/home/chakrapani/drone_files/drone_precise_delivery/ros2_ws/src/drone_control', 'symlink_install': False, 'test_result_base': None}
[0.800s] Level 5:colcon.colcon_core.verb:set package 'marker_tracker' build argument 'cmake_args' from command line to 'None'
[0.800s] Level 5:colcon.colcon_core.verb:set package 'marker_tracker' build argument 'cmake_target' from command line to 'None'
[0.800s] Level 5:colcon.colcon_core.verb:set package 'marker_tracker' build argument 'cmake_target_skip_unavailable' from command line to 'False'
[0.800s] Level 5:colcon.colcon_core.verb:set package 'marker_tracker' build argument 'cmake_clean_cache' from command line to 'False'
[0.800s] Level 5:colcon.colcon_core.verb:set package 'marker_tracker' build argument 'cmake_clean_first' from command line to 'False'
[0.800s] Level 5:colcon.colcon_core.verb:set package 'marker_tracker' build argument 'cmake_force_configure' from command line to 'False'
[0.800s] Level 5:colcon.colcon_core.verb:set package 'marker_tracker' build argument 'ament_cmake_args' from command line to 'None'
[0.800s] Level 5:colcon.colcon_core.verb:set package 'marker_tracker' build argument 'catkin_cmake_args' from command line to 'None'
[0.800s] Level 5:colcon.colcon_core.verb:set package 'marker_tracker' build argument 'catkin_skip_building_tests' from command line to 'False'
[0.800s] DEBUG:colcon.colcon_core.verb:Building package 'marker_tracker' with the following arguments: {'ament_cmake_args': None, 'build_base': '/home/chakrapani/drone_files/drone_precise_delivery/ros2_ws/build/marker_tracker', 'catkin_cmake_args': None, 'catkin_skip_building_tests': False, 'cmake_args': None, 'cmake_clean_cache': False, 'cmake_clean_first': False, 'cmake_force_configure': False, 'cmake_target': None, 'cmake_target_skip_unavailable': False, 'install_base': '/home/chakrapani/drone_files/drone_precise_delivery/ros2_ws/install/marker_tracker', 'merge_install': False, 'path': '/home/chakrapani/drone_files/drone_precise_delivery/ros2_ws/src/marker_tracker', 'symlink_install': False, 'test_result_base': None}
[0.800s] INFO:colcon.colcon_core.executor:Executing jobs using 'parallel' executor
[0.802s] DEBUG:colcon.colcon_parallel_executor.executor.parallel:run_until_complete
[0.803s] INFO:colcon.colcon_ros.task.ament_python.build:Building ROS package in '/home/chakrapani/drone_files/drone_precise_delivery/ros2_ws/src/drone_control' with build type 'ament_python'
[0.803s] Level 1:colcon.colcon_core.shell:create_environment_hook('drone_control', 'ament_prefix_path')
[0.806s] INFO:colcon.colcon_core.plugin_system:Skipping extension 'colcon_core.shell.bat': Not used on non-Windows systems
[0.807s] INFO:colcon.colcon_core.shell:Creating environment hook '/home/chakrapani/drone_files/drone_precise_delivery/ros2_ws/install/drone_control/share/drone_control/hook/ament_prefix_path.ps1'
[0.808s] INFO:colcon.colcon_core.shell:Creating environment descriptor '/home/chakrapani/drone_files/drone_precise_delivery/ros2_ws/install/drone_control/share/drone_control/hook/ament_prefix_path.dsv'
[0.809s] INFO:colcon.colcon_core.shell:Creating environment hook '/home/chakrapani/drone_files/drone_precise_delivery/ros2_ws/install/drone_control/share/drone_control/hook/ament_prefix_path.sh'
[0.811s] INFO:colcon.colcon_core.shell:Skip shell extension 'powershell' for command environment: Not usable outside of PowerShell
[0.811s] DEBUG:colcon.colcon_core.shell:Skip shell extension 'dsv' for command environment
[0.834s] INFO:colcon.colcon_ros.task.ament_python.build:Building ROS package in '/home/chakrapani/drone_files/drone_precise_delivery/ros2_ws/src/marker_tracker' with build type 'ament_python'
[0.835s] Level 1:colcon.colcon_core.shell:create_environment_hook('marker_tracker', 'ament_prefix_path')
[0.835s] INFO:colcon.colcon_core.shell:Creating environment hook '/home/chakrapani/drone_files/drone_precise_delivery/ros2_ws/install/marker_tracker/share/marker_tracker/hook/ament_prefix_path.ps1'
[0.835s] INFO:colcon.colcon_core.shell:Creating environment descriptor '/home/chakrapani/drone_files/drone_precise_delivery/ros2_ws/install/marker_tracker/share/marker_tracker/hook/ament_prefix_path.dsv'
[0.836s] INFO:colcon.colcon_core.shell:Creating environment hook '/home/chakrapani/drone_files/drone_precise_delivery/ros2_ws/install/marker_tracker/share/marker_tracker/hook/ament_prefix_path.sh'
[0.838s] INFO:colcon.colcon_core.shell:Skip shell extension 'powershell' for command environment: Not usable outside of PowerShell
[0.839s] DEBUG:colcon.colcon_core.shell:Skip shell extension 'dsv' for command environment
[1.560s] INFO:colcon.colcon_core.task.python.build:Building Python package in '/home/chakrapani/drone_files/drone_precise_delivery/ros2_ws/src/drone_control'
[1.561s] INFO:colcon.colcon_core.shell:Skip shell extension 'powershell' for command environment: Not usable outside of PowerShell
[1.561s] DEBUG:colcon.colcon_core.shell:Skip shell extension 'dsv' for command environment
[2.170s] INFO:colcon.colcon_core.task.python.build:Building Python package in '/home/chakrapani/drone_files/drone_precise_delivery/ros2_ws/src/marker_tracker'
[2.170s] INFO:colcon.colcon_core.shell:Skip shell extension 'powershell' for command environment: Not usable outside of PowerShell
[2.171s] DEBUG:colcon.colcon_core.shell:Skip shell extension 'dsv' for command environment
[3.545s] DEBUG:colcon.colcon_core.event_handler.log_command:Invoking command in '/home/chakrapani/drone_files/drone_precise_delivery/ros2_ws/src/marker_tracker': PS1=\[\e]0;\u@\h: \w\a\]${debian_chroot:+($debian_chroot)}\[\033[01;32m\]\u@\h\[\033[00m\]:\[\033[01;34m\]\w\[\033[00m\]\$ PYTHONPATH=/home/chakrapani/drone_files/drone_precise_delivery/ros2_ws/build/marker_tracker/prefix_override:/usr/lib/python3/dist-packages/colcon_core/task/python/colcon_distutils_commands:/home/chakrapani/drone_files/drone_precise_delivery/ros2_ws/install/marker_tracker/lib/python3.10/site-packages:${PYTHONPATH} /usr/bin/python3 -W ignore:setup.py install is deprecated -W ignore:easy_install command is deprecated setup.py egg_info --egg-base ../../build/marker_tracker build --build-base /home/chakrapani/drone_files/drone_precise_delivery/ros2_ws/build/marker_tracker/build install --record /home/chakrapani/drone_files/drone_precise_delivery/ros2_ws/build/marker_tracker/install.log --single-version-externally-managed install_data
[4.309s] DEBUG:colcon.colcon_core.event_handler.log_command:Invoking command in '/home/chakrapani/drone_files/drone_precise_delivery/ros2_ws/src/drone_control': PS1=\[\e]0;\u@\h: \w\a\]${debian_chroot:+($debian_chroot)}\[\033[01;32m\]\u@\h\[\033[00m\]:\[\033[01;34m\]\w\[\033[00m\]\$ PYTHONPATH=/home/chakrapani/drone_files/drone_precise_delivery/ros2_ws/build/drone_control/prefix_override:/usr/lib/python3/dist-packages/colcon_core/task/python/colcon_distutils_commands:/home/chakrapani/drone_files/drone_precise_delivery/ros2_ws/install/drone_control/lib/python3.10/site-packages:${PYTHONPATH} /usr/bin/python3 -W ignore:setup.py install is deprecated -W ignore:easy_install command is deprecated setup.py egg_info --egg-base ../../build/drone_control build --build-base /home/chakrapani/drone_files/drone_precise_delivery/ros2_ws/build/drone_control/build install --record /home/chakrapani/drone_files/drone_precise_delivery/ros2_ws/build/drone_control/install.log --single-version-externally-managed install_data
[5.206s] DEBUG:colcon.colcon_core.event_handler.log_command:Invoked command in '/home/chakrapani/drone_files/drone_precise_delivery/ros2_ws/src/marker_tracker' returned '0': PS1=\[\e]0;\u@\h: \w\a\]${debian_chroot:+($debian_chroot)}\[\033[01;32m\]\u@\h\[\033[00m\]:\[\033[01;34m\]\w\[\033[00m\]\$ PYTHONPATH=/home/chakrapani/drone_files/drone_precise_delivery/ros2_ws/build/marker_tracker/prefix_override:/usr/lib/python3/dist-packages/colcon_core/task/python/colcon_distutils_commands:/home/chakrapani/drone_files/drone_precise_delivery/ros2_ws/install/marker_tracker/lib/python3.10/site-packages:${PYTHONPATH} /usr/bin/python3 -W ignore:setup.py install is deprecated -W ignore:easy_install command is deprecated setup.py egg_info --egg-base ../../build/marker_tracker build --build-base /home/chakrapani/drone_files/drone_precise_delivery/ros2_ws/build/marker_tracker/build install --record /home/chakrapani/drone_files/drone_precise_delivery/ros2_ws/build/marker_tracker/install.log --single-version-externally-managed install_data
[5.220s] Level 1:colcon.colcon_core.environment:checking '/home/chakrapani/drone_files/drone_precise_delivery/ros2_ws/install/marker_tracker' for CMake module files
[5.223s] Level 1:colcon.colcon_core.environment:checking '/home/chakrapani/drone_files/drone_precise_delivery/ros2_ws/install/marker_tracker' for CMake config files
[5.224s] Level 1:colcon.colcon_core.environment:checking '/home/chakrapani/drone_files/drone_precise_delivery/ros2_ws/install/marker_tracker/lib'
[5.224s] Level 1:colcon.colcon_core.environment:checking '/home/chakrapani/drone_files/drone_precise_delivery/ros2_ws/install/marker_tracker/bin'
[5.227s] Level 1:colcon.colcon_core.environment:checking '/home/chakrapani/drone_files/drone_precise_delivery/ros2_ws/install/marker_tracker/lib/pkgconfig/marker_tracker.pc'
[5.228s] Level 1:colcon.colcon_core.environment:checking '/home/chakrapani/drone_files/drone_precise_delivery/ros2_ws/install/marker_tracker/lib/python3.10/site-packages'
[5.228s] Level 1:colcon.colcon_core.shell:create_environment_hook('marker_tracker', 'pythonpath')
[5.229s] INFO:colcon.colcon_core.shell:Creating environment hook '/home/chakrapani/drone_files/drone_precise_delivery/ros2_ws/install/marker_tracker/share/marker_tracker/hook/pythonpath.ps1'
[5.232s] INFO:colcon.colcon_core.shell:Creating environment descriptor '/home/chakrapani/drone_files/drone_precise_delivery/ros2_ws/install/marker_tracker/share/marker_tracker/hook/pythonpath.dsv'
[5.233s] INFO:colcon.colcon_core.shell:Creating environment hook '/home/chakrapani/drone_files/drone_precise_delivery/ros2_ws/install/marker_tracker/share/marker_tracker/hook/pythonpath.sh'
[5.236s] Level 1:colcon.colcon_core.environment:checking '/home/chakrapani/drone_files/drone_precise_delivery/ros2_ws/install/marker_tracker/bin'
[5.237s] Level 1:colcon.colcon_core.environment:create_environment_scripts_only(marker_tracker)
[5.238s] INFO:colcon.colcon_core.shell:Creating package script '/home/chakrapani/drone_files/drone_precise_delivery/ros2_ws/install/marker_tracker/share/marker_tracker/package.ps1'
[5.241s] INFO:colcon.colcon_core.shell:Creating package descriptor '/home/chakrapani/drone_files/drone_precise_delivery/ros2_ws/install/marker_tracker/share/marker_tracker/package.dsv'
[5.243s] INFO:colcon.colcon_core.shell:Creating package script '/home/chakrapani/drone_files/drone_precise_delivery/ros2_ws/install/marker_tracker/share/marker_tracker/package.sh'
[5.245s] INFO:colcon.colcon_core.shell:Creating package script '/home/chakrapani/drone_files/drone_precise_delivery/ros2_ws/install/marker_tracker/share/marker_tracker/package.bash'
[5.249s] INFO:colcon.colcon_core.shell:Creating package script '/home/chakrapani/drone_files/drone_precise_delivery/ros2_ws/install/marker_tracker/share/marker_tracker/package.zsh'
[5.252s] Level 1:colcon.colcon_core.environment:create_file_with_runtime_dependencies(/home/chakrapani/drone_files/drone_precise_delivery/ros2_ws/install/marker_tracker/share/colcon-core/packages/marker_tracker)
[5.502s] Level 1:colcon.colcon_core.environment:checking '/home/chakrapani/drone_files/drone_precise_delivery/ros2_ws/install/drone_control' for CMake module files
[5.503s] DEBUG:colcon.colcon_core.event_handler.log_command:Invoked command in '/home/chakrapani/drone_files/drone_precise_delivery/ros2_ws/src/drone_control' returned '0': PS1=\[\e]0;\u@\h: \w\a\]${debian_chroot:+($debian_chroot)}\[\033[01;32m\]\u@\h\[\033[00m\]:\[\033[01;34m\]\w\[\033[00m\]\$ PYTHONPATH=/home/chakrapani/drone_files/drone_precise_delivery/ros2_ws/build/drone_control/prefix_override:/usr/lib/python3/dist-packages/colcon_core/task/python/colcon_distutils_commands:/home/chakrapani/drone_files/drone_precise_delivery/ros2_ws/install/drone_control/lib/python3.10/site-packages:${PYTHONPATH} /usr/bin/python3 -W ignore:setup.py install is deprecated -W ignore:easy_install command is deprecated setup.py egg_info --egg-base ../../build/drone_control build --build-base /home/chakrapani/drone_files/drone_precise_delivery/ros2_ws/build/drone_control/build install --record /home/chakrapani/drone_files/drone_precise_delivery/ros2_ws/build/drone_control/install.log --single-version-externally-managed install_data
[5.504s] Level 1:colcon.colcon_core.environment:checking '/home/chakrapani/drone_files/drone_precise_delivery/ros2_ws/install/drone_control' for CMake config files
[5.505s] Level 1:colcon.colcon_core.environment:checking '/home/chakrapani/drone_files/drone_precise_delivery/ros2_ws/install/drone_control/lib'
[5.505s] Level 1:colcon.colcon_core.environment:checking '/home/chakrapani/drone_files/drone_precise_delivery/ros2_ws/install/drone_control/bin'
[5.505s] Level 1:colcon.colcon_core.environment:checking '/home/chakrapani/drone_files/drone_precise_delivery/ros2_ws/install/drone_control/lib/pkgconfig/drone_control.pc'
[5.507s] Level 1:colcon.colcon_core.environment:checking '/home/chakrapani/drone_files/drone_precise_delivery/ros2_ws/install/drone_control/lib/python3.10/site-packages'
[5.507s] Level 1:colcon.colcon_core.shell:create_environment_hook('drone_control', 'pythonpath')
[5.507s] INFO:colcon.colcon_core.shell:Creating environment hook '/home/chakrapani/drone_files/drone_precise_delivery/ros2_ws/install/drone_control/share/drone_control/hook/pythonpath.ps1'
[5.509s] INFO:colcon.colcon_core.shell:Creating environment descriptor '/home/chakrapani/drone_files/drone_precise_delivery/ros2_ws/install/drone_control/share/drone_control/hook/pythonpath.dsv'
[5.511s] INFO:colcon.colcon_core.shell:Creating environment hook '/home/chakrapani/drone_files/drone_precise_delivery/ros2_ws/install/drone_control/share/drone_control/hook/pythonpath.sh'
[5.512s] Level 1:colcon.colcon_core.environment:checking '/home/chakrapani/drone_files/drone_precise_delivery/ros2_ws/install/drone_control/bin'
[5.513s] Level 1:colcon.colcon_core.environment:create_environment_scripts_only(drone_control)
[5.514s] INFO:colcon.colcon_core.shell:Creating package script '/home/chakrapani/drone_files/drone_precise_delivery/ros2_ws/install/drone_control/share/drone_control/package.ps1'
[5.518s] INFO:colcon.colcon_core.shell:Creating package descriptor '/home/chakrapani/drone_files/drone_precise_delivery/ros2_ws/install/drone_control/share/drone_control/package.dsv'
[5.529s] INFO:colcon.colcon_core.shell:Creating package script '/home/chakrapani/drone_files/drone_precise_delivery/ros2_ws/install/drone_control/share/drone_control/package.sh'
[5.534s] INFO:colcon.colcon_core.shell:Creating package script '/home/chakrapani/drone_files/drone_precise_delivery/ros2_ws/install/drone_control/share/drone_control/package.bash'
[5.537s] INFO:colcon.colcon_core.shell:Creating package script '/home/chakrapani/drone_files/drone_precise_delivery/ros2_ws/install/drone_control/share/drone_control/package.zsh'
[5.539s] Level 1:colcon.colcon_core.environment:create_file_with_runtime_dependencies(/home/chakrapani/drone_files/drone_precise_delivery/ros2_ws/install/drone_control/share/colcon-core/packages/drone_control)
[5.539s] DEBUG:colcon.colcon_parallel_executor.executor.parallel:closing loop
[5.540s] DEBUG:colcon.colcon_parallel_executor.executor.parallel:loop closed
[5.540s] DEBUG:colcon.colcon_parallel_executor.executor.parallel:run_until_complete finished with '0'
[5.540s] DEBUG:colcon.colcon_core.event_reactor:joining thread
[5.558s] INFO:colcon.colcon_core.plugin_system:Skipping extension 'colcon_notification.desktop_notification.terminal_notifier': Not used on non-Darwin systems
[5.559s] INFO:colcon.colcon_core.plugin_system:Skipping extension 'colcon_notification.desktop_notification.win32': Not used on non-Windows systems
[5.559s] INFO:colcon.colcon_notification.desktop_notification:Sending desktop notification using 'notify2'
[5.600s] DEBUG:colcon.colcon_core.event_reactor:joined thread
[5.601s] INFO:colcon.colcon_core.shell:Creating prefix script '/home/chakrapani/drone_files/drone_precise_delivery/ros2_ws/install/local_setup.ps1'
[5.603s] INFO:colcon.colcon_core.shell:Creating prefix util module '/home/chakrapani/drone_files/drone_precise_delivery/ros2_ws/install/_local_setup_util_ps1.py'
[5.616s] INFO:colcon.colcon_core.shell:Creating prefix chain script '/home/chakrapani/drone_files/drone_precise_delivery/ros2_ws/install/setup.ps1'
[5.627s] INFO:colcon.colcon_core.shell:Creating prefix script '/home/chakrapani/drone_files/drone_precise_delivery/ros2_ws/install/local_setup.sh'
[5.628s] INFO:colcon.colcon_core.shell:Creating prefix util module '/home/chakrapani/drone_files/drone_precise_delivery/ros2_ws/install/_local_setup_util_sh.py'
[5.629s] INFO:colcon.colcon_core.shell:Creating prefix chain script '/home/chakrapani/drone_files/drone_precise_delivery/ros2_ws/install/setup.sh'
[5.641s] INFO:colcon.colcon_core.shell:Creating prefix script '/home/chakrapani/drone_files/drone_precise_delivery/ros2_ws/install/local_setup.bash'
[5.642s] INFO:colcon.colcon_core.shell:Creating prefix chain script '/home/chakrapani/drone_files/drone_precise_delivery/ros2_ws/install/setup.bash'
[5.654s] INFO:colcon.colcon_core.shell:Creating prefix script '/home/chakrapani/drone_files/drone_precise_delivery/ros2_ws/install/local_setup.zsh'
[5.660s] INFO:colcon.colcon_core.shell:Creating prefix chain script '/home/chakrapani/drone_files/drone_precise_delivery/ros2_ws/install/setup.zsh'
